mode: atomic
github.com/roboco-io/ghx-cli/cmd/root.go:29.13,31.2 1 1
github.com/roboco-io/ghx-cli/cmd/root.go:34.34,88.2 23 8
github.com/roboco-io/ghx-cli/cmd/root.go:91.37,95.20 4 1
github.com/roboco-io/ghx-cli/cmd/root.go:95.20,97.3 1 1
github.com/roboco-io/ghx-cli/cmd/root.go:101.22,103.2 1 1
github.com/roboco-io/ghx-cli/cmd/root.go:106.19,107.19 1 0
github.com/roboco-io/ghx-cli/cmd/root.go:107.19,110.3 1 0
github.com/roboco-io/ghx-cli/cmd/root.go:110.8,113.17 2 0
github.com/roboco-io/ghx-cli/cmd/root.go:113.17,116.4 2 0
github.com/roboco-io/ghx-cli/cmd/root.go:119.3,121.30 3 0
github.com/roboco-io/ghx-cli/cmd/root.go:125.2,129.45 3 0
github.com/roboco-io/ghx-cli/cmd/root.go:129.45,130.29 1 0
github.com/roboco-io/ghx-cli/cmd/root.go:130.29,132.4 1 0
github.com/roboco-io/ghx-cli/cmd/root.go:136.2,136.36 1 0
github.com/roboco-io/ghx-cli/cmd/root.go:136.36,137.54 1 0
github.com/roboco-io/ghx-cli/cmd/root.go:137.54,139.4 1 0
github.com/roboco-io/ghx-cli/cmd/root.go:139.9,139.57 1 0
github.com/roboco-io/ghx-cli/cmd/root.go:139.57,141.4 1 0
github.com/roboco-io/ghx-cli/internal/cmd/analytics/analytics.go:8.39,70.2 12 8
github.com/roboco-io/ghx-cli/internal/cmd/analytics/bulk_update.go:29.40,61.55 2 8
github.com/roboco-io/ghx-cli/internal/cmd/analytics/bulk_update.go:61.55,66.69 3 0
github.com/roboco-io/ghx-cli/internal/cmd/analytics/bulk_update.go:66.69,68.37 2 0
github.com/roboco-io/ghx-cli/internal/cmd/analytics/bulk_update.go:68.37,70.6 1 0
github.com/roboco-io/ghx-cli/internal/cmd/analytics/bulk_update.go:74.4,74.66 1 0
github.com/roboco-io/ghx-cli/internal/cmd/analytics/bulk_update.go:74.66,76.5 1 0
github.com/roboco-io/ghx-cli/internal/cmd/analytics/bulk_update.go:77.4,77.72 1 0
github.com/roboco-io/ghx-cli/internal/cmd/analytics/bulk_update.go:77.72,79.5 1 0
github.com/roboco-io/ghx-cli/internal/cmd/analytics/bulk_update.go:80.4,80.66 1 0
github.com/roboco-io/ghx-cli/internal/cmd/analytics/bulk_update.go:80.66,82.37 2 0
github.com/roboco-io/ghx-cli/internal/cmd/analytics/bulk_update.go:82.37,84.6 1 0
github.com/roboco-io/ghx-cli/internal/cmd/analytics/bulk_update.go:85.5,85.39 1 0
github.com/roboco-io/ghx-cli/internal/cmd/analytics/bulk_update.go:87.4,87.75 1 0
github.com/roboco-io/ghx-cli/internal/cmd/analytics/bulk_update.go:87.75,89.5 1 0
github.com/roboco-io/ghx-cli/internal/cmd/analytics/bulk_update.go:90.4,90.72 1 0
github.com/roboco-io/ghx-cli/internal/cmd/analytics/bulk_update.go:90.72,92.5 1 0
github.com/roboco-io/ghx-cli/internal/cmd/analytics/bulk_update.go:94.4,94.45 1 0
github.com/roboco-io/ghx-cli/internal/cmd/analytics/bulk_update.go:98.2,109.12 9 8
github.com/roboco-io/ghx-cli/internal/cmd/analytics/bulk_update.go:112.72,114.28 1 0
github.com/roboco-io/ghx-cli/internal/cmd/analytics/bulk_update.go:114.28,116.3 1 0
github.com/roboco-io/ghx-cli/internal/cmd/analytics/bulk_update.go:118.2,118.28 1 0
github.com/roboco-io/ghx-cli/internal/cmd/analytics/bulk_update.go:118.28,120.3 1 0
github.com/roboco-io/ghx-cli/internal/cmd/analytics/bulk_update.go:123.2,124.21 2 0
github.com/roboco-io/ghx-cli/internal/cmd/analytics/bulk_update.go:124.21,126.3 1 0
github.com/roboco-io/ghx-cli/internal/cmd/analytics/bulk_update.go:128.2,130.16 3 0
github.com/roboco-io/ghx-cli/internal/cmd/analytics/bulk_update.go:130.16,132.3 1 0
github.com/roboco-io/ghx-cli/internal/cmd/analytics/bulk_update.go:135.2,137.16 3 0
github.com/roboco-io/ghx-cli/internal/cmd/analytics/bulk_update.go:137.16,139.3 1 0
github.com/roboco-io/ghx-cli/internal/cmd/analytics/bulk_update.go:142.2,148.16 5 0
github.com/roboco-io/ghx-cli/internal/cmd/analytics/bulk_update.go:148.16,150.3 1 0
github.com/roboco-io/ghx-cli/internal/cmd/analytics/bulk_update.go:153.2,161.16 3 0
github.com/roboco-io/ghx-cli/internal/cmd/analytics/bulk_update.go:161.16,163.3 1 0
github.com/roboco-io/ghx-cli/internal/cmd/analytics/bulk_update.go:166.2,166.62 1 0
github.com/roboco-io/ghx-cli/internal/cmd/analytics/bulk_update.go:169.96,170.16 1 0
github.com/roboco-io/ghx-cli/internal/cmd/analytics/bulk_update.go:171.18,172.44 1 0
github.com/roboco-io/ghx-cli/internal/cmd/analytics/bulk_update.go:173.19,174.60 1 0
github.com/roboco-io/ghx-cli/internal/cmd/analytics/bulk_update.go:175.10,176.50 1 0
github.com/roboco-io/ghx-cli/internal/cmd/analytics/bulk_update.go:180.93,190.31 9 0
github.com/roboco-io/ghx-cli/internal/cmd/analytics/bulk_update.go:190.31,192.3 1 0
github.com/roboco-io/ghx-cli/internal/cmd/analytics/bulk_update.go:193.2,195.34 2 0
github.com/roboco-io/ghx-cli/internal/cmd/analytics/bulk_update.go:195.34,197.3 1 0
github.com/roboco-io/ghx-cli/internal/cmd/analytics/bulk_update.go:199.2,199.35 1 0
github.com/roboco-io/ghx-cli/internal/cmd/analytics/bulk_update.go:199.35,201.3 1 0
github.com/roboco-io/ghx-cli/internal/cmd/analytics/bulk_update.go:203.2,205.12 2 0
github.com/roboco-io/ghx-cli/internal/cmd/analytics/bulk_update.go:208.70,220.34 11 0
github.com/roboco-io/ghx-cli/internal/cmd/analytics/bulk_update.go:220.34,222.3 1 0
github.com/roboco-io/ghx-cli/internal/cmd/analytics/bulk_update.go:224.2,224.35 1 0
github.com/roboco-io/ghx-cli/internal/cmd/analytics/bulk_update.go:224.35,226.3 1 0
github.com/roboco-io/ghx-cli/internal/cmd/analytics/bulk_update.go:228.2,229.12 2 0
github.com/roboco-io/ghx-cli/internal/cmd/analytics/export.go:29.36,62.55 2 8
github.com/roboco-io/ghx-cli/internal/cmd/analytics/export.go:62.55,67.71 3 0
github.com/roboco-io/ghx-cli/internal/cmd/analytics/export.go:67.71,72.5 4 0
github.com/roboco-io/ghx-cli/internal/cmd/analytics/export.go:74.4,74.41 1 0
github.com/roboco-io/ghx-cli/internal/cmd/analytics/export.go:78.2,87.12 9 8
github.com/roboco-io/ghx-cli/internal/cmd/analytics/export.go:90.64,93.21 2 0
github.com/roboco-io/ghx-cli/internal/cmd/analytics/export.go:93.21,95.3 1 0
github.com/roboco-io/ghx-cli/internal/cmd/analytics/export.go:97.2,99.16 3 0
github.com/roboco-io/ghx-cli/internal/cmd/analytics/export.go:99.16,101.3 1 0
github.com/roboco-io/ghx-cli/internal/cmd/analytics/export.go:104.2,105.16 2 0
github.com/roboco-io/ghx-cli/internal/cmd/analytics/export.go:105.16,107.3 1 0
github.com/roboco-io/ghx-cli/internal/cmd/analytics/export.go:110.2,112.16 3 0
github.com/roboco-io/ghx-cli/internal/cmd/analytics/export.go:112.16,114.3 1 0
github.com/roboco-io/ghx-cli/internal/cmd/analytics/export.go:117.2,123.16 5 0
github.com/roboco-io/ghx-cli/internal/cmd/analytics/export.go:123.16,125.3 1 0
github.com/roboco-io/ghx-cli/internal/cmd/analytics/export.go:128.2,137.23 2 0
github.com/roboco-io/ghx-cli/internal/cmd/analytics/export.go:137.23,139.3 1 0
github.com/roboco-io/ghx-cli/internal/cmd/analytics/export.go:142.2,143.16 2 0
github.com/roboco-io/ghx-cli/internal/cmd/analytics/export.go:143.16,145.3 1 0
github.com/roboco-io/ghx-cli/internal/cmd/analytics/export.go:148.2,148.48 1 0
github.com/roboco-io/ghx-cli/internal/cmd/analytics/export.go:151.73,152.16 1 0
github.com/roboco-io/ghx-cli/internal/cmd/analytics/export.go:153.18,154.34 1 0
github.com/roboco-io/ghx-cli/internal/cmd/analytics/export.go:155.19,156.35 1 0
github.com/roboco-io/ghx-cli/internal/cmd/analytics/export.go:157.10,158.57 1 0
github.com/roboco-io/ghx-cli/internal/cmd/analytics/export.go:162.63,168.31 5 0
github.com/roboco-io/ghx-cli/internal/cmd/analytics/export.go:168.31,170.3 1 0
github.com/roboco-io/ghx-cli/internal/cmd/analytics/export.go:171.2,181.27 8 0
github.com/roboco-io/ghx-cli/internal/cmd/analytics/export.go:181.27,184.35 3 0
github.com/roboco-io/ghx-cli/internal/cmd/analytics/export.go:184.35,186.4 1 0
github.com/roboco-io/ghx-cli/internal/cmd/analytics/export.go:187.3,187.33 1 0
github.com/roboco-io/ghx-cli/internal/cmd/analytics/export.go:187.33,190.4 2 0
github.com/roboco-io/ghx-cli/internal/cmd/analytics/export.go:191.3,191.35 1 0
github.com/roboco-io/ghx-cli/internal/cmd/analytics/export.go:191.35,193.4 1 0
github.com/roboco-io/ghx-cli/internal/cmd/analytics/export.go:196.2,196.12 1 0
github.com/roboco-io/ghx-cli/internal/cmd/analytics/export.go:199.62,205.31 5 0
github.com/roboco-io/ghx-cli/internal/cmd/analytics/export.go:205.31,207.3 1 0
github.com/roboco-io/ghx-cli/internal/cmd/analytics/export.go:209.2,217.12 8 0
github.com/roboco-io/ghx-cli/internal/cmd/analytics/overview.go:28.38,53.55 2 8
github.com/roboco-io/ghx-cli/internal/cmd/analytics/overview.go:53.55,57.4 3 0
github.com/roboco-io/ghx-cli/internal/cmd/analytics/overview.go:60.2,62.12 2 8
github.com/roboco-io/ghx-cli/internal/cmd/analytics/overview.go:65.68,68.21 2 0
github.com/roboco-io/ghx-cli/internal/cmd/analytics/overview.go:68.21,70.3 1 0
github.com/roboco-io/ghx-cli/internal/cmd/analytics/overview.go:72.2,74.16 3 0
github.com/roboco-io/ghx-cli/internal/cmd/analytics/overview.go:74.16,76.3 1 0
github.com/roboco-io/ghx-cli/internal/cmd/analytics/overview.go:79.2,81.16 3 0
github.com/roboco-io/ghx-cli/internal/cmd/analytics/overview.go:81.16,83.3 1 0
github.com/roboco-io/ghx-cli/internal/cmd/analytics/overview.go:86.2,92.16 5 0
github.com/roboco-io/ghx-cli/internal/cmd/analytics/overview.go:92.16,94.3 1 0
github.com/roboco-io/ghx-cli/internal/cmd/analytics/overview.go:97.2,98.16 2 0
github.com/roboco-io/ghx-cli/internal/cmd/analytics/overview.go:98.16,100.3 1 0
github.com/roboco-io/ghx-cli/internal/cmd/analytics/overview.go:103.2,104.51 2 0
github.com/roboco-io/ghx-cli/internal/cmd/analytics/overview.go:107.76,108.16 1 0
github.com/roboco-io/ghx-cli/internal/cmd/analytics/overview.go:109.18,110.39 1 0
github.com/roboco-io/ghx-cli/internal/cmd/analytics/overview.go:111.19,112.40 1 0
github.com/roboco-io/ghx-cli/internal/cmd/analytics/overview.go:113.10,114.50 1 0
github.com/roboco-io/ghx-cli/internal/cmd/analytics/overview.go:118.66,129.36 7 0
github.com/roboco-io/ghx-cli/internal/cmd/analytics/overview.go:129.36,131.46 2 0
github.com/roboco-io/ghx-cli/internal/cmd/analytics/overview.go:131.46,134.4 2 0
github.com/roboco-io/ghx-cli/internal/cmd/analytics/overview.go:138.2,138.38 1 0
github.com/roboco-io/ghx-cli/internal/cmd/analytics/overview.go:138.38,140.48 2 0
github.com/roboco-io/ghx-cli/internal/cmd/analytics/overview.go:140.48,142.22 2 0
github.com/roboco-io/ghx-cli/internal/cmd/analytics/overview.go:142.22,144.5 1 0
github.com/roboco-io/ghx-cli/internal/cmd/analytics/overview.go:145.4,146.80 2 0
github.com/roboco-io/ghx-cli/internal/cmd/analytics/overview.go:151.2,151.35 1 0
github.com/roboco-io/ghx-cli/internal/cmd/analytics/overview.go:151.35,158.3 6 0
github.com/roboco-io/ghx-cli/internal/cmd/analytics/overview.go:161.2,161.35 1 0
github.com/roboco-io/ghx-cli/internal/cmd/analytics/overview.go:161.35,163.46 2 0
github.com/roboco-io/ghx-cli/internal/cmd/analytics/overview.go:163.46,165.4 1 0
github.com/roboco-io/ghx-cli/internal/cmd/analytics/overview.go:166.3,166.44 1 0
github.com/roboco-io/ghx-cli/internal/cmd/analytics/overview.go:166.44,168.4 1 0
github.com/roboco-io/ghx-cli/internal/cmd/analytics/overview.go:169.3,169.42 1 0
github.com/roboco-io/ghx-cli/internal/cmd/analytics/overview.go:169.42,171.4 1 0
github.com/roboco-io/ghx-cli/internal/cmd/analytics/overview.go:172.3,173.73 2 0
github.com/roboco-io/ghx-cli/internal/cmd/analytics/overview.go:176.2,176.12 1 0
github.com/roboco-io/ghx-cli/internal/cmd/analytics/overview.go:179.65,191.2 1 0
github.com/roboco-io/ghx-cli/internal/cmd/analytics/overview.go:193.88,195.29 2 0
github.com/roboco-io/ghx-cli/internal/cmd/analytics/overview.go:195.29,202.3 2 0
github.com/roboco-io/ghx-cli/internal/cmd/analytics/overview.go:203.2,203.15 1 0
github.com/roboco-io/ghx-cli/internal/cmd/analytics/overview.go:206.92,208.29 2 0
github.com/roboco-io/ghx-cli/internal/cmd/analytics/overview.go:208.29,210.21 2 0
github.com/roboco-io/ghx-cli/internal/cmd/analytics/overview.go:210.21,212.4 1 0
github.com/roboco-io/ghx-cli/internal/cmd/analytics/overview.go:213.3,218.4 2 0
github.com/roboco-io/ghx-cli/internal/cmd/analytics/overview.go:220.2,220.15 1 0
github.com/roboco-io/ghx-cli/internal/cmd/analytics/overview.go:223.69,224.21 1 0
github.com/roboco-io/ghx-cli/internal/cmd/analytics/overview.go:224.21,226.3 1 0
github.com/roboco-io/ghx-cli/internal/cmd/analytics/overview.go:227.2,234.3 1 0
github.com/roboco-io/ghx-cli/internal/cmd/analytics/overview.go:237.69,238.21 1 0
github.com/roboco-io/ghx-cli/internal/cmd/analytics/overview.go:238.21,240.3 1 0
github.com/roboco-io/ghx-cli/internal/cmd/analytics/overview.go:241.2,245.31 2 0
github.com/roboco-io/ghx-cli/internal/cmd/analytics/overview.go:245.31,247.3 1 0
github.com/roboco-io/ghx-cli/internal/cmd/analytics/overview.go:248.2,248.29 1 0
github.com/roboco-io/ghx-cli/internal/cmd/analytics/overview.go:248.29,250.3 1 0
github.com/roboco-io/ghx-cli/internal/cmd/analytics/overview.go:251.2,251.27 1 0
github.com/roboco-io/ghx-cli/internal/cmd/analytics/overview.go:251.27,253.3 1 0
github.com/roboco-io/ghx-cli/internal/cmd/analytics/overview.go:254.2,254.15 1 0
github.com/roboco-io/ghx-cli/internal/cmd/analytics/overview.go:257.47,259.16 2 0
github.com/roboco-io/ghx-cli/internal/cmd/analytics/overview.go:259.16,261.3 1 0
github.com/roboco-io/ghx-cli/internal/cmd/analytics/overview.go:262.2,263.12 2 0
github.com/roboco-io/ghx-cli/internal/cmd/analytics/stub_commands.go:10.38,28.50 1 8
github.com/roboco-io/ghx-cli/internal/cmd/analytics/stub_commands.go:28.50,30.4 1 0
github.com/roboco-io/ghx-cli/internal/cmd/analytics/stub_commands.go:33.2,36.12 3 8
github.com/roboco-io/ghx-cli/internal/cmd/analytics/stub_commands.go:40.38,58.50 1 8
github.com/roboco-io/ghx-cli/internal/cmd/analytics/stub_commands.go:58.50,60.4 1 0
github.com/roboco-io/ghx-cli/internal/cmd/analytics/stub_commands.go:63.2,67.12 4 8
github.com/roboco-io/ghx-cli/internal/cmd/analytics/stub_commands.go:71.42,89.50 1 8
github.com/roboco-io/ghx-cli/internal/cmd/analytics/stub_commands.go:89.50,91.4 1 0
github.com/roboco-io/ghx-cli/internal/cmd/analytics/stub_commands.go:94.2,98.12 4 8
github.com/roboco-io/ghx-cli/internal/cmd/analytics/stub_commands.go:102.36,127.50 1 8
github.com/roboco-io/ghx-cli/internal/cmd/analytics/stub_commands.go:127.50,129.4 1 0
github.com/roboco-io/ghx-cli/internal/cmd/analytics/stub_commands.go:132.2,141.12 7 8
github.com/roboco-io/ghx-cli/internal/cmd/analytics/stub_commands.go:145.40,161.50 1 8
github.com/roboco-io/ghx-cli/internal/cmd/analytics/stub_commands.go:161.50,163.4 1 0
github.com/roboco-io/ghx-cli/internal/cmd/analytics/stub_commands.go:166.2,173.12 5 8
github.com/roboco-io/ghx-cli/internal/cmd/analytics/stub_commands.go:177.41,192.50 1 8
github.com/roboco-io/ghx-cli/internal/cmd/analytics/stub_commands.go:192.50,194.4 1 0
github.com/roboco-io/ghx-cli/internal/cmd/analytics/stub_commands.go:197.2,203.12 4 8
github.com/roboco-io/ghx-cli/internal/cmd/analytics/stub_commands.go:207.45,223.50 1 8
github.com/roboco-io/ghx-cli/internal/cmd/analytics/stub_commands.go:223.50,225.4 1 0
github.com/roboco-io/ghx-cli/internal/cmd/analytics/stub_commands.go:228.2,230.12 2 8
github.com/roboco-io/ghx-cli/internal/cmd/auth/auth.go:8.34,36.2 3 8
github.com/roboco-io/ghx-cli/internal/cmd/auth/status.go:19.36,36.50 2 8
github.com/roboco-io/ghx-cli/internal/cmd/auth/status.go:36.50,38.4 1 0
github.com/roboco-io/ghx-cli/internal/cmd/auth/status.go:41.2,43.12 2 8
github.com/roboco-io/ghx-cli/internal/cmd/auth/status.go:46.43,50.21 3 0
github.com/roboco-io/ghx-cli/internal/cmd/auth/status.go:51.14,52.34 1 0
github.com/roboco-io/ghx-cli/internal/cmd/auth/status.go:53.15,54.35 1 0
github.com/roboco-io/ghx-cli/internal/cmd/auth/status.go:55.10,56.55 1 0
github.com/roboco-io/ghx-cli/internal/cmd/auth/status.go:60.50,65.22 3 0
github.com/roboco-io/ghx-cli/internal/cmd/auth/status.go:65.22,67.3 1 0
github.com/roboco-io/ghx-cli/internal/cmd/auth/status.go:67.8,69.3 1 0
github.com/roboco-io/ghx-cli/internal/cmd/auth/status.go:72.2,75.27 3 0
github.com/roboco-io/ghx-cli/internal/cmd/auth/status.go:75.27,77.3 1 0
github.com/roboco-io/ghx-cli/internal/cmd/auth/status.go:77.8,79.3 1 0
github.com/roboco-io/ghx-cli/internal/cmd/auth/status.go:81.2,81.24 1 0
github.com/roboco-io/ghx-cli/internal/cmd/auth/status.go:81.24,83.3 1 0
github.com/roboco-io/ghx-cli/internal/cmd/auth/status.go:83.8,85.3 1 0
github.com/roboco-io/ghx-cli/internal/cmd/auth/status.go:87.2,87.27 1 0
github.com/roboco-io/ghx-cli/internal/cmd/auth/status.go:87.27,89.3 1 0
github.com/roboco-io/ghx-cli/internal/cmd/auth/status.go:89.8,91.3 1 0
github.com/roboco-io/ghx-cli/internal/cmd/auth/status.go:93.2,93.23 1 0
github.com/roboco-io/ghx-cli/internal/cmd/auth/status.go:93.23,95.3 1 0
github.com/roboco-io/ghx-cli/internal/cmd/auth/status.go:95.8,95.34 1 0
github.com/roboco-io/ghx-cli/internal/cmd/auth/status.go:95.34,97.3 1 0
github.com/roboco-io/ghx-cli/internal/cmd/auth/status.go:97.8,99.3 1 0
github.com/roboco-io/ghx-cli/internal/cmd/auth/status.go:101.2,101.30 1 0
github.com/roboco-io/ghx-cli/internal/cmd/auth/status.go:101.30,103.3 1 0
github.com/roboco-io/ghx-cli/internal/cmd/auth/status.go:103.8,103.30 1 0
github.com/roboco-io/ghx-cli/internal/cmd/auth/status.go:103.30,105.3 1 0
github.com/roboco-io/ghx-cli/internal/cmd/auth/status.go:105.8,107.3 1 0
github.com/roboco-io/ghx-cli/internal/cmd/auth/status.go:110.2,110.28 1 0
github.com/roboco-io/ghx-cli/internal/cmd/auth/status.go:110.28,112.3 1 0
github.com/roboco-io/ghx-cli/internal/cmd/auth/status.go:113.2,113.36 1 0
github.com/roboco-io/ghx-cli/internal/cmd/auth/status.go:113.36,115.3 1 0
github.com/roboco-io/ghx-cli/internal/cmd/auth/status.go:118.2,118.24 1 0
github.com/roboco-io/ghx-cli/internal/cmd/auth/status.go:118.24,120.3 1 0
github.com/roboco-io/ghx-cli/internal/cmd/auth/status.go:123.2,127.12 4 0
github.com/roboco-io/ghx-cli/internal/cmd/auth/status.go:130.49,134.2 3 0
github.com/roboco-io/ghx-cli/internal/cmd/discussion/answer.go:24.36,37.55 2 8
github.com/roboco-io/ghx-cli/internal/cmd/discussion/answer.go:37.55,40.18 3 0
github.com/roboco-io/ghx-cli/internal/cmd/discussion/answer.go:40.18,42.5 1 0
github.com/roboco-io/ghx-cli/internal/cmd/discussion/answer.go:43.4,44.41 2 0
github.com/roboco-io/ghx-cli/internal/cmd/discussion/answer.go:48.2,53.12 4 8
github.com/roboco-io/ghx-cli/internal/cmd/discussion/answer.go:56.64,59.16 2 0
github.com/roboco-io/ghx-cli/internal/cmd/discussion/answer.go:59.16,61.3 1 0
github.com/roboco-io/ghx-cli/internal/cmd/discussion/answer.go:64.2,66.16 3 0
github.com/roboco-io/ghx-cli/internal/cmd/discussion/answer.go:66.16,68.3 1 0
github.com/roboco-io/ghx-cli/internal/cmd/discussion/answer.go:71.2,74.17 3 0
github.com/roboco-io/ghx-cli/internal/cmd/discussion/answer.go:74.17,77.17 2 0
github.com/roboco-io/ghx-cli/internal/cmd/discussion/answer.go:77.17,79.4 1 0
github.com/roboco-io/ghx-cli/internal/cmd/discussion/answer.go:80.3,80.96 1 0
github.com/roboco-io/ghx-cli/internal/cmd/discussion/answer.go:81.8,84.17 2 0
github.com/roboco-io/ghx-cli/internal/cmd/discussion/answer.go:84.17,86.4 1 0
github.com/roboco-io/ghx-cli/internal/cmd/discussion/answer.go:87.3,87.94 1 0
github.com/roboco-io/ghx-cli/internal/cmd/discussion/answer.go:90.2,90.12 1 0
github.com/roboco-io/ghx-cli/internal/cmd/discussion/category.go:23.38,37.2 3 8
github.com/roboco-io/ghx-cli/internal/cmd/discussion/category.go:40.42,52.55 2 8
github.com/roboco-io/ghx-cli/internal/cmd/discussion/category.go:52.55,55.4 2 0
github.com/roboco-io/ghx-cli/internal/cmd/discussion/category.go:58.2,60.12 2 8
github.com/roboco-io/ghx-cli/internal/cmd/discussion/category.go:63.76,66.16 2 0
github.com/roboco-io/ghx-cli/internal/cmd/discussion/category.go:66.16,68.3 1 0
github.com/roboco-io/ghx-cli/internal/cmd/discussion/category.go:71.2,73.16 3 0
github.com/roboco-io/ghx-cli/internal/cmd/discussion/category.go:73.16,75.3 1 0
github.com/roboco-io/ghx-cli/internal/cmd/discussion/category.go:78.2,83.16 4 0
github.com/roboco-io/ghx-cli/internal/cmd/discussion/category.go:83.16,85.3 1 0
github.com/roboco-io/ghx-cli/internal/cmd/discussion/category.go:87.2,87.50 1 0
github.com/roboco-io/ghx-cli/internal/cmd/discussion/category.go:90.79,91.26 1 0
github.com/roboco-io/ghx-cli/internal/cmd/discussion/category.go:91.26,94.3 2 0
github.com/roboco-io/ghx-cli/internal/cmd/discussion/category.go:96.2,96.16 1 0
github.com/roboco-io/ghx-cli/internal/cmd/discussion/category.go:97.18,98.42 1 0
github.com/roboco-io/ghx-cli/internal/cmd/discussion/category.go:99.19,100.43 1 0
github.com/roboco-io/ghx-cli/internal/cmd/discussion/category.go:101.10,102.50 1 0
github.com/roboco-io/ghx-cli/internal/cmd/discussion/category.go:106.69,111.31 3 0
github.com/roboco-io/ghx-cli/internal/cmd/discussion/category.go:111.31,113.21 2 0
github.com/roboco-io/ghx-cli/internal/cmd/discussion/category.go:113.21,115.4 1 0
github.com/roboco-io/ghx-cli/internal/cmd/discussion/category.go:117.3,118.51 2 0
github.com/roboco-io/ghx-cli/internal/cmd/discussion/category.go:118.51,120.4 1 0
github.com/roboco-io/ghx-cli/internal/cmd/discussion/category.go:122.3,123.53 1 0
github.com/roboco-io/ghx-cli/internal/cmd/discussion/category.go:126.2,126.12 1 0
github.com/roboco-io/ghx-cli/internal/cmd/discussion/category.go:129.68,131.16 2 0
github.com/roboco-io/ghx-cli/internal/cmd/discussion/category.go:131.16,133.3 1 0
github.com/roboco-io/ghx-cli/internal/cmd/discussion/category.go:134.2,135.12 2 0
github.com/roboco-io/ghx-cli/internal/cmd/discussion/close.go:25.35,41.55 2 8
github.com/roboco-io/ghx-cli/internal/cmd/discussion/close.go:41.55,44.18 3 0
github.com/roboco-io/ghx-cli/internal/cmd/discussion/close.go:44.18,46.5 1 0
github.com/roboco-io/ghx-cli/internal/cmd/discussion/close.go:47.4,50.67 2 0
github.com/roboco-io/ghx-cli/internal/cmd/discussion/close.go:50.67,52.5 1 0
github.com/roboco-io/ghx-cli/internal/cmd/discussion/close.go:54.4,54.40 1 0
github.com/roboco-io/ghx-cli/internal/cmd/discussion/close.go:58.2,61.12 3 8
github.com/roboco-io/ghx-cli/internal/cmd/discussion/close.go:64.62,67.16 2 0
github.com/roboco-io/ghx-cli/internal/cmd/discussion/close.go:67.16,69.3 1 0
github.com/roboco-io/ghx-cli/internal/cmd/discussion/close.go:72.2,74.16 3 0
github.com/roboco-io/ghx-cli/internal/cmd/discussion/close.go:74.16,76.3 1 0
github.com/roboco-io/ghx-cli/internal/cmd/discussion/close.go:79.2,91.16 5 0
github.com/roboco-io/ghx-cli/internal/cmd/discussion/close.go:91.16,93.3 1 0
github.com/roboco-io/ghx-cli/internal/cmd/discussion/close.go:96.2,96.21 1 0
github.com/roboco-io/ghx-cli/internal/cmd/discussion/close.go:97.18,99.21 2 0
github.com/roboco-io/ghx-cli/internal/cmd/discussion/close.go:99.21,101.4 1 0
github.com/roboco-io/ghx-cli/internal/cmd/discussion/close.go:102.3,102.28 1 0
github.com/roboco-io/ghx-cli/internal/cmd/discussion/close.go:103.10,104.107 1 0
github.com/roboco-io/ghx-cli/internal/cmd/discussion/close.go:107.2,107.12 1 0
github.com/roboco-io/ghx-cli/internal/cmd/discussion/comment.go:26.37,39.53 3 8
github.com/roboco-io/ghx-cli/internal/cmd/discussion/comment.go:39.53,40.21 1 0
github.com/roboco-io/ghx-cli/internal/cmd/discussion/comment.go:40.21,42.5 1 0
github.com/roboco-io/ghx-cli/internal/cmd/discussion/comment.go:43.4,43.14 1 0
github.com/roboco-io/ghx-cli/internal/cmd/discussion/comment.go:45.55,48.18 3 0
github.com/roboco-io/ghx-cli/internal/cmd/discussion/comment.go:48.18,50.5 1 0
github.com/roboco-io/ghx-cli/internal/cmd/discussion/comment.go:51.4,52.42 2 0
github.com/roboco-io/ghx-cli/internal/cmd/discussion/comment.go:56.2,62.12 5 8
github.com/roboco-io/ghx-cli/internal/cmd/discussion/comment.go:65.66,68.16 2 0
github.com/roboco-io/ghx-cli/internal/cmd/discussion/comment.go:68.16,70.3 1 0
github.com/roboco-io/ghx-cli/internal/cmd/discussion/comment.go:73.2,75.16 3 0
github.com/roboco-io/ghx-cli/internal/cmd/discussion/comment.go:75.16,77.3 1 0
github.com/roboco-io/ghx-cli/internal/cmd/discussion/comment.go:80.2,93.16 5 0
github.com/roboco-io/ghx-cli/internal/cmd/discussion/comment.go:93.16,95.3 1 0
github.com/roboco-io/ghx-cli/internal/cmd/discussion/comment.go:98.2,98.21 1 0
github.com/roboco-io/ghx-cli/internal/cmd/discussion/comment.go:99.18,101.21 2 0
github.com/roboco-io/ghx-cli/internal/cmd/discussion/comment.go:101.21,103.4 1 0
github.com/roboco-io/ghx-cli/internal/cmd/discussion/comment.go:104.3,104.28 1 0
github.com/roboco-io/ghx-cli/internal/cmd/discussion/comment.go:105.10,109.79 4 0
github.com/roboco-io/ghx-cli/internal/cmd/discussion/comment.go:112.2,112.12 1 0
github.com/roboco-io/ghx-cli/internal/cmd/discussion/create.go:25.36,38.55 2 8
github.com/roboco-io/ghx-cli/internal/cmd/discussion/create.go:38.55,41.4 2 0
github.com/roboco-io/ghx-cli/internal/cmd/discussion/create.go:44.2,53.12 8 8
github.com/roboco-io/ghx-cli/internal/cmd/discussion/create.go:56.64,59.16 2 0
github.com/roboco-io/ghx-cli/internal/cmd/discussion/create.go:59.16,61.3 1 0
github.com/roboco-io/ghx-cli/internal/cmd/discussion/create.go:64.2,66.16 3 0
github.com/roboco-io/ghx-cli/internal/cmd/discussion/create.go:66.16,68.3 1 0
github.com/roboco-io/ghx-cli/internal/cmd/discussion/create.go:71.2,84.16 5 0
github.com/roboco-io/ghx-cli/internal/cmd/discussion/create.go:84.16,86.3 1 0
github.com/roboco-io/ghx-cli/internal/cmd/discussion/create.go:89.2,89.21 1 0
github.com/roboco-io/ghx-cli/internal/cmd/discussion/create.go:90.18,92.21 2 0
github.com/roboco-io/ghx-cli/internal/cmd/discussion/create.go:92.21,94.4 1 0
github.com/roboco-io/ghx-cli/internal/cmd/discussion/create.go:95.3,95.28 1 0
github.com/roboco-io/ghx-cli/internal/cmd/discussion/create.go:96.10,98.42 2 0
github.com/roboco-io/ghx-cli/internal/cmd/discussion/create.go:101.2,101.12 1 0
github.com/roboco-io/ghx-cli/internal/cmd/discussion/delete.go:26.36,39.55 2 8
github.com/roboco-io/ghx-cli/internal/cmd/discussion/delete.go:39.55,42.18 3 0
github.com/roboco-io/ghx-cli/internal/cmd/discussion/delete.go:42.18,44.5 1 0
github.com/roboco-io/ghx-cli/internal/cmd/discussion/delete.go:45.4,46.41 2 0
github.com/roboco-io/ghx-cli/internal/cmd/discussion/delete.go:50.2,52.12 2 8
github.com/roboco-io/ghx-cli/internal/cmd/discussion/delete.go:55.64,58.16 2 0
github.com/roboco-io/ghx-cli/internal/cmd/discussion/delete.go:58.16,60.3 1 0
github.com/roboco-io/ghx-cli/internal/cmd/discussion/delete.go:63.2,65.16 3 0
github.com/roboco-io/ghx-cli/internal/cmd/discussion/delete.go:65.16,67.3 1 0
github.com/roboco-io/ghx-cli/internal/cmd/discussion/delete.go:70.2,75.16 4 0
github.com/roboco-io/ghx-cli/internal/cmd/discussion/delete.go:75.16,77.3 1 0
github.com/roboco-io/ghx-cli/internal/cmd/discussion/delete.go:80.2,80.17 1 0
github.com/roboco-io/ghx-cli/internal/cmd/discussion/delete.go:80.17,90.21 9 0
github.com/roboco-io/ghx-cli/internal/cmd/discussion/delete.go:90.21,92.4 1 0
github.com/roboco-io/ghx-cli/internal/cmd/discussion/delete.go:94.3,94.50 1 0
github.com/roboco-io/ghx-cli/internal/cmd/discussion/delete.go:94.50,97.4 2 0
github.com/roboco-io/ghx-cli/internal/cmd/discussion/delete.go:101.2,102.16 2 0
github.com/roboco-io/ghx-cli/internal/cmd/discussion/delete.go:102.16,104.3 1 0
github.com/roboco-io/ghx-cli/internal/cmd/discussion/delete.go:106.2,107.12 2 0
github.com/roboco-io/ghx-cli/internal/cmd/discussion/discussion.go:8.40,48.2 14 8
github.com/roboco-io/ghx-cli/internal/cmd/discussion/edit.go:27.34,41.53 3 8
github.com/roboco-io/ghx-cli/internal/cmd/discussion/edit.go:41.53,42.51 1 0
github.com/roboco-io/ghx-cli/internal/cmd/discussion/edit.go:42.51,44.5 1 0
github.com/roboco-io/ghx-cli/internal/cmd/discussion/edit.go:45.4,45.19 1 0
github.com/roboco-io/ghx-cli/internal/cmd/discussion/edit.go:45.19,47.5 1 0
github.com/roboco-io/ghx-cli/internal/cmd/discussion/edit.go:48.4,48.18 1 0
github.com/roboco-io/ghx-cli/internal/cmd/discussion/edit.go:48.18,50.5 1 0
github.com/roboco-io/ghx-cli/internal/cmd/discussion/edit.go:51.4,51.22 1 0
github.com/roboco-io/ghx-cli/internal/cmd/discussion/edit.go:51.22,53.5 1 0
github.com/roboco-io/ghx-cli/internal/cmd/discussion/edit.go:54.4,54.14 1 0
github.com/roboco-io/ghx-cli/internal/cmd/discussion/edit.go:56.55,59.18 3 0
github.com/roboco-io/ghx-cli/internal/cmd/discussion/edit.go:59.18,61.5 1 0
github.com/roboco-io/ghx-cli/internal/cmd/discussion/edit.go:62.4,63.39 2 0
github.com/roboco-io/ghx-cli/internal/cmd/discussion/edit.go:67.2,72.12 5 8
github.com/roboco-io/ghx-cli/internal/cmd/discussion/edit.go:75.60,78.16 2 0
github.com/roboco-io/ghx-cli/internal/cmd/discussion/edit.go:78.16,80.3 1 0
github.com/roboco-io/ghx-cli/internal/cmd/discussion/edit.go:83.2,85.16 3 0
github.com/roboco-io/ghx-cli/internal/cmd/discussion/edit.go:85.16,87.3 1 0
github.com/roboco-io/ghx-cli/internal/cmd/discussion/edit.go:90.2,104.16 5 0
github.com/roboco-io/ghx-cli/internal/cmd/discussion/edit.go:104.16,106.3 1 0
github.com/roboco-io/ghx-cli/internal/cmd/discussion/edit.go:109.2,109.21 1 0
github.com/roboco-io/ghx-cli/internal/cmd/discussion/edit.go:110.18,112.21 2 0
github.com/roboco-io/ghx-cli/internal/cmd/discussion/edit.go:112.21,114.4 1 0
github.com/roboco-io/ghx-cli/internal/cmd/discussion/edit.go:115.3,115.28 1 0
github.com/roboco-io/ghx-cli/internal/cmd/discussion/edit.go:116.10,118.42 2 0
github.com/roboco-io/ghx-cli/internal/cmd/discussion/edit.go:121.2,121.12 1 0
github.com/roboco-io/ghx-cli/internal/cmd/discussion/list.go:27.34,45.53 3 8
github.com/roboco-io/ghx-cli/internal/cmd/discussion/list.go:45.53,46.30 1 0
github.com/roboco-io/ghx-cli/internal/cmd/discussion/list.go:46.30,48.5 1 0
github.com/roboco-io/ghx-cli/internal/cmd/discussion/list.go:49.4,49.16 1 0
github.com/roboco-io/ghx-cli/internal/cmd/discussion/list.go:49.16,52.5 2 0
github.com/roboco-io/ghx-cli/internal/cmd/discussion/list.go:52.10,52.25 1 0
github.com/roboco-io/ghx-cli/internal/cmd/discussion/list.go:52.25,55.5 2 0
github.com/roboco-io/ghx-cli/internal/cmd/discussion/list.go:56.4,56.14 1 0
github.com/roboco-io/ghx-cli/internal/cmd/discussion/list.go:58.55,61.4 2 0
github.com/roboco-io/ghx-cli/internal/cmd/discussion/list.go:64.2,71.12 7 8
github.com/roboco-io/ghx-cli/internal/cmd/discussion/list.go:74.60,77.16 2 0
github.com/roboco-io/ghx-cli/internal/cmd/discussion/list.go:77.16,79.3 1 0
github.com/roboco-io/ghx-cli/internal/cmd/discussion/list.go:82.2,84.16 3 0
github.com/roboco-io/ghx-cli/internal/cmd/discussion/list.go:84.16,86.3 1 0
github.com/roboco-io/ghx-cli/internal/cmd/discussion/list.go:89.2,103.16 5 0
github.com/roboco-io/ghx-cli/internal/cmd/discussion/list.go:103.16,105.3 1 0
github.com/roboco-io/ghx-cli/internal/cmd/discussion/list.go:107.2,107.52 1 0
github.com/roboco-io/ghx-cli/internal/cmd/discussion/list.go:110.83,111.27 1 0
github.com/roboco-io/ghx-cli/internal/cmd/discussion/list.go:111.27,114.3 2 0
github.com/roboco-io/ghx-cli/internal/cmd/discussion/list.go:116.2,116.16 1 0
github.com/roboco-io/ghx-cli/internal/cmd/discussion/list.go:117.18,118.44 1 0
github.com/roboco-io/ghx-cli/internal/cmd/discussion/list.go:119.19,120.45 1 0
github.com/roboco-io/ghx-cli/internal/cmd/discussion/list.go:121.10,122.50 1 0
github.com/roboco-io/ghx-cli/internal/cmd/discussion/list.go:126.73,131.32 3 0
github.com/roboco-io/ghx-cli/internal/cmd/discussion/list.go:131.32,137.18 5 0
github.com/roboco-io/ghx-cli/internal/cmd/discussion/list.go:137.18,139.4 1 0
github.com/roboco-io/ghx-cli/internal/cmd/discussion/list.go:141.3,142.73 1 0
github.com/roboco-io/ghx-cli/internal/cmd/discussion/list.go:145.2,145.12 1 0
github.com/roboco-io/ghx-cli/internal/cmd/discussion/list.go:148.72,150.16 2 0
github.com/roboco-io/ghx-cli/internal/cmd/discussion/list.go:150.16,152.3 1 0
github.com/roboco-io/ghx-cli/internal/cmd/discussion/list.go:153.2,154.12 2 0
github.com/roboco-io/ghx-cli/internal/cmd/discussion/list.go:157.63,158.21 1 0
github.com/roboco-io/ghx-cli/internal/cmd/discussion/list.go:158.21,160.3 1 0
github.com/roboco-io/ghx-cli/internal/cmd/discussion/list.go:161.2,161.10 1 0
github.com/roboco-io/ghx-cli/internal/cmd/discussion/lock.go:23.34,40.55 2 8
github.com/roboco-io/ghx-cli/internal/cmd/discussion/lock.go:40.55,43.18 3 0
github.com/roboco-io/ghx-cli/internal/cmd/discussion/lock.go:43.18,45.5 1 0
github.com/roboco-io/ghx-cli/internal/cmd/discussion/lock.go:46.4,49.25 2 0
github.com/roboco-io/ghx-cli/internal/cmd/discussion/lock.go:49.25,50.67 1 0
github.com/roboco-io/ghx-cli/internal/cmd/discussion/lock.go:50.67,52.6 1 0
github.com/roboco-io/ghx-cli/internal/cmd/discussion/lock.go:55.4,55.39 1 0
github.com/roboco-io/ghx-cli/internal/cmd/discussion/lock.go:59.2,61.12 2 8
github.com/roboco-io/ghx-cli/internal/cmd/discussion/lock.go:64.60,67.16 2 0
github.com/roboco-io/ghx-cli/internal/cmd/discussion/lock.go:67.16,69.3 1 0
github.com/roboco-io/ghx-cli/internal/cmd/discussion/lock.go:72.2,74.16 3 0
github.com/roboco-io/ghx-cli/internal/cmd/discussion/lock.go:74.16,76.3 1 0
github.com/roboco-io/ghx-cli/internal/cmd/discussion/lock.go:79.2,91.16 5 0
github.com/roboco-io/ghx-cli/internal/cmd/discussion/lock.go:91.16,93.3 1 0
github.com/roboco-io/ghx-cli/internal/cmd/discussion/lock.go:95.2,95.23 1 0
github.com/roboco-io/ghx-cli/internal/cmd/discussion/lock.go:95.23,97.3 1 0
github.com/roboco-io/ghx-cli/internal/cmd/discussion/lock.go:97.8,99.3 1 0
github.com/roboco-io/ghx-cli/internal/cmd/discussion/lock.go:101.2,101.12 1 0
github.com/roboco-io/ghx-cli/internal/cmd/discussion/reopen.go:24.36,34.55 2 8
github.com/roboco-io/ghx-cli/internal/cmd/discussion/reopen.go:34.55,37.18 3 0
github.com/roboco-io/ghx-cli/internal/cmd/discussion/reopen.go:37.18,39.5 1 0
github.com/roboco-io/ghx-cli/internal/cmd/discussion/reopen.go:40.4,41.41 2 0
github.com/roboco-io/ghx-cli/internal/cmd/discussion/reopen.go:45.2,47.12 2 8
github.com/roboco-io/ghx-cli/internal/cmd/discussion/reopen.go:50.64,53.16 2 0
github.com/roboco-io/ghx-cli/internal/cmd/discussion/reopen.go:53.16,55.3 1 0
github.com/roboco-io/ghx-cli/internal/cmd/discussion/reopen.go:58.2,60.16 3 0
github.com/roboco-io/ghx-cli/internal/cmd/discussion/reopen.go:60.16,62.3 1 0
github.com/roboco-io/ghx-cli/internal/cmd/discussion/reopen.go:65.2,70.16 4 0
github.com/roboco-io/ghx-cli/internal/cmd/discussion/reopen.go:70.16,72.3 1 0
github.com/roboco-io/ghx-cli/internal/cmd/discussion/reopen.go:75.2,75.21 1 0
github.com/roboco-io/ghx-cli/internal/cmd/discussion/reopen.go:76.18,78.21 2 0
github.com/roboco-io/ghx-cli/internal/cmd/discussion/reopen.go:78.21,80.4 1 0
github.com/roboco-io/ghx-cli/internal/cmd/discussion/reopen.go:81.3,81.28 1 0
github.com/roboco-io/ghx-cli/internal/cmd/discussion/reopen.go:82.10,83.83 1 0
github.com/roboco-io/ghx-cli/internal/cmd/discussion/reopen.go:86.2,86.12 1 0
github.com/roboco-io/ghx-cli/internal/cmd/discussion/unlock.go:22.36,31.55 2 8
github.com/roboco-io/ghx-cli/internal/cmd/discussion/unlock.go:31.55,34.18 3 0
github.com/roboco-io/ghx-cli/internal/cmd/discussion/unlock.go:34.18,36.5 1 0
github.com/roboco-io/ghx-cli/internal/cmd/discussion/unlock.go:37.4,38.41 2 0
github.com/roboco-io/ghx-cli/internal/cmd/discussion/unlock.go:42.2,42.12 1 8
github.com/roboco-io/ghx-cli/internal/cmd/discussion/unlock.go:45.64,48.16 2 0
github.com/roboco-io/ghx-cli/internal/cmd/discussion/unlock.go:48.16,50.3 1 0
github.com/roboco-io/ghx-cli/internal/cmd/discussion/unlock.go:53.2,55.16 3 0
github.com/roboco-io/ghx-cli/internal/cmd/discussion/unlock.go:55.16,57.3 1 0
github.com/roboco-io/ghx-cli/internal/cmd/discussion/unlock.go:60.2,65.16 4 0
github.com/roboco-io/ghx-cli/internal/cmd/discussion/unlock.go:65.16,67.3 1 0
github.com/roboco-io/ghx-cli/internal/cmd/discussion/unlock.go:69.2,70.12 2 0
github.com/roboco-io/ghx-cli/internal/cmd/discussion/view.go:26.34,40.55 2 8
github.com/roboco-io/ghx-cli/internal/cmd/discussion/view.go:40.55,43.18 3 0
github.com/roboco-io/ghx-cli/internal/cmd/discussion/view.go:43.18,45.5 1 0
github.com/roboco-io/ghx-cli/internal/cmd/discussion/view.go:46.4,47.39 2 0
github.com/roboco-io/ghx-cli/internal/cmd/discussion/view.go:51.2,54.12 3 8
github.com/roboco-io/ghx-cli/internal/cmd/discussion/view.go:57.60,60.16 2 0
github.com/roboco-io/ghx-cli/internal/cmd/discussion/view.go:60.16,62.3 1 0
github.com/roboco-io/ghx-cli/internal/cmd/discussion/view.go:65.2,67.16 3 0
github.com/roboco-io/ghx-cli/internal/cmd/discussion/view.go:67.16,69.3 1 0
github.com/roboco-io/ghx-cli/internal/cmd/discussion/view.go:72.2,77.16 4 0
github.com/roboco-io/ghx-cli/internal/cmd/discussion/view.go:77.16,79.3 1 0
github.com/roboco-io/ghx-cli/internal/cmd/discussion/view.go:81.2,81.57 1 0
github.com/roboco-io/ghx-cli/internal/cmd/discussion/view.go:84.81,85.16 1 0
github.com/roboco-io/ghx-cli/internal/cmd/discussion/view.go:86.18,87.40 1 0
github.com/roboco-io/ghx-cli/internal/cmd/discussion/view.go:88.34,89.40 1 0
github.com/roboco-io/ghx-cli/internal/cmd/discussion/view.go:90.10,91.50 1 0
github.com/roboco-io/ghx-cli/internal/cmd/discussion/view.go:95.70,102.14 4 0
github.com/roboco-io/ghx-cli/internal/cmd/discussion/view.go:102.14,104.3 1 0
github.com/roboco-io/ghx-cli/internal/cmd/discussion/view.go:105.2,114.23 9 0
github.com/roboco-io/ghx-cli/internal/cmd/discussion/view.go:114.23,116.3 1 0
github.com/roboco-io/ghx-cli/internal/cmd/discussion/view.go:118.2,118.17 1 0
github.com/roboco-io/ghx-cli/internal/cmd/discussion/view.go:118.17,120.3 1 0
github.com/roboco-io/ghx-cli/internal/cmd/discussion/view.go:123.2,130.21 6 0
github.com/roboco-io/ghx-cli/internal/cmd/discussion/view.go:130.21,137.3 6 0
github.com/roboco-io/ghx-cli/internal/cmd/discussion/view.go:140.2,140.25 1 0
github.com/roboco-io/ghx-cli/internal/cmd/discussion/view.go:140.25,145.32 4 0
github.com/roboco-io/ghx-cli/internal/cmd/discussion/view.go:145.32,146.18 1 0
github.com/roboco-io/ghx-cli/internal/cmd/discussion/view.go:146.18,147.13 1 0
github.com/roboco-io/ghx-cli/internal/cmd/discussion/view.go:149.4,150.25 2 0
github.com/roboco-io/ghx-cli/internal/cmd/discussion/view.go:150.25,152.5 1 0
github.com/roboco-io/ghx-cli/internal/cmd/discussion/view.go:153.4,154.23 2 0
github.com/roboco-io/ghx-cli/internal/cmd/discussion/view.go:158.2,158.12 1 0
github.com/roboco-io/ghx-cli/internal/cmd/discussion/view.go:161.70,163.16 2 0
github.com/roboco-io/ghx-cli/internal/cmd/discussion/view.go:163.16,165.3 1 0
github.com/roboco-io/ghx-cli/internal/cmd/discussion/view.go:166.2,167.12 2 0
github.com/roboco-io/ghx-cli/internal/cmd/field/add_option.go:25.39,44.55 2 8
github.com/roboco-io/ghx-cli/internal/cmd/field/add_option.go:44.55,49.4 4 0
github.com/roboco-io/ghx-cli/internal/cmd/field/add_option.go:52.2,55.12 3 8
github.com/roboco-io/ghx-cli/internal/cmd/field/add_option.go:58.70,60.58 1 0
github.com/roboco-io/ghx-cli/internal/cmd/field/add_option.go:60.58,62.3 1 0
github.com/roboco-io/ghx-cli/internal/cmd/field/add_option.go:65.2,70.16 4 0
github.com/roboco-io/ghx-cli/internal/cmd/field/add_option.go:70.16,72.3 1 0
github.com/roboco-io/ghx-cli/internal/cmd/field/add_option.go:75.2,80.28 4 0
github.com/roboco-io/ghx-cli/internal/cmd/field/add_option.go:80.28,82.3 1 0
github.com/roboco-io/ghx-cli/internal/cmd/field/add_option.go:84.2,92.16 3 0
github.com/roboco-io/ghx-cli/internal/cmd/field/add_option.go:92.16,94.3 1 0
github.com/roboco-io/ghx-cli/internal/cmd/field/add_option.go:97.2,97.49 1 0
github.com/roboco-io/ghx-cli/internal/cmd/field/add_option.go:100.97,101.16 1 0
github.com/roboco-io/ghx-cli/internal/cmd/field/add_option.go:102.18,103.41 1 0
github.com/roboco-io/ghx-cli/internal/cmd/field/add_option.go:104.19,105.42 1 0
github.com/roboco-io/ghx-cli/internal/cmd/field/add_option.go:106.10,107.50 1 0
github.com/roboco-io/ghx-cli/internal/cmd/field/add_option.go:111.87,119.60 6 0
github.com/roboco-io/ghx-cli/internal/cmd/field/add_option.go:119.60,121.3 1 0
github.com/roboco-io/ghx-cli/internal/cmd/field/add_option.go:123.2,123.12 1 0
github.com/roboco-io/ghx-cli/internal/cmd/field/add_option.go:126.86,132.31 5 0
github.com/roboco-io/ghx-cli/internal/cmd/field/add_option.go:132.31,134.3 1 0
github.com/roboco-io/ghx-cli/internal/cmd/field/add_option.go:136.2,138.12 2 0
github.com/roboco-io/ghx-cli/internal/cmd/field/create.go:31.36,65.55 2 8
github.com/roboco-io/ghx-cli/internal/cmd/field/create.go:65.55,67.22 1 0
github.com/roboco-io/ghx-cli/internal/cmd/field/create.go:67.22,71.5 3 0
github.com/roboco-io/ghx-cli/internal/cmd/field/create.go:72.4,73.41 2 0
github.com/roboco-io/ghx-cli/internal/cmd/field/create.go:77.2,86.12 7 8
github.com/roboco-io/ghx-cli/internal/cmd/field/create.go:89.64,94.26 3 0
github.com/roboco-io/ghx-cli/internal/cmd/field/create.go:94.26,97.22 2 0
github.com/roboco-io/ghx-cli/internal/cmd/field/create.go:97.22,99.4 1 0
github.com/roboco-io/ghx-cli/internal/cmd/field/create.go:100.3,100.27 1 0
github.com/roboco-io/ghx-cli/internal/cmd/field/create.go:100.27,102.4 1 0
github.com/roboco-io/ghx-cli/internal/cmd/field/create.go:103.8,103.34 1 0
github.com/roboco-io/ghx-cli/internal/cmd/field/create.go:103.34,105.45 1 0
github.com/roboco-io/ghx-cli/internal/cmd/field/create.go:105.45,107.18 2 0
github.com/roboco-io/ghx-cli/internal/cmd/field/create.go:107.18,109.5 1 0
github.com/roboco-io/ghx-cli/internal/cmd/field/create.go:110.9,112.4 1 0
github.com/roboco-io/ghx-cli/internal/cmd/field/create.go:113.8,115.3 1 0
github.com/roboco-io/ghx-cli/internal/cmd/field/create.go:118.2,118.77 1 0
github.com/roboco-io/ghx-cli/internal/cmd/field/create.go:118.77,120.3 1 0
github.com/roboco-io/ghx-cli/internal/cmd/field/create.go:123.2,124.16 2 0
github.com/roboco-io/ghx-cli/internal/cmd/field/create.go:124.16,126.3 1 0
github.com/roboco-io/ghx-cli/internal/cmd/field/create.go:129.2,131.16 3 0
github.com/roboco-io/ghx-cli/internal/cmd/field/create.go:131.16,133.3 1 0
github.com/roboco-io/ghx-cli/internal/cmd/field/create.go:136.2,142.26 5 0
github.com/roboco-io/ghx-cli/internal/cmd/field/create.go:142.26,149.3 1 0
github.com/roboco-io/ghx-cli/internal/cmd/field/create.go:149.8,152.17 2 0
github.com/roboco-io/ghx-cli/internal/cmd/field/create.go:152.17,154.4 1 0
github.com/roboco-io/ghx-cli/internal/cmd/field/create.go:155.3,155.25 1 0
github.com/roboco-io/ghx-cli/internal/cmd/field/create.go:159.2,168.16 3 0
github.com/roboco-io/ghx-cli/internal/cmd/field/create.go:168.16,170.3 1 0
github.com/roboco-io/ghx-cli/internal/cmd/field/create.go:173.2,173.62 1 0
github.com/roboco-io/ghx-cli/internal/cmd/field/create.go:176.90,177.16 1 0
github.com/roboco-io/ghx-cli/internal/cmd/field/create.go:178.18,179.39 1 0
github.com/roboco-io/ghx-cli/internal/cmd/field/create.go:180.19,181.53 1 0
github.com/roboco-io/ghx-cli/internal/cmd/field/create.go:182.10,183.50 1 0
github.com/roboco-io/ghx-cli/internal/cmd/field/create.go:187.87,196.34 6 0
github.com/roboco-io/ghx-cli/internal/cmd/field/create.go:196.34,198.46 2 0
github.com/roboco-io/ghx-cli/internal/cmd/field/create.go:198.46,200.62 2 0
github.com/roboco-io/ghx-cli/internal/cmd/field/create.go:200.62,202.5 1 0
github.com/roboco-io/ghx-cli/internal/cmd/field/create.go:203.4,203.20 1 0
github.com/roboco-io/ghx-cli/internal/cmd/field/create.go:207.2,207.12 1 0
github.com/roboco-io/ghx-cli/internal/cmd/field/create.go:210.66,216.34 5 0
github.com/roboco-io/ghx-cli/internal/cmd/field/create.go:216.34,218.46 2 0
github.com/roboco-io/ghx-cli/internal/cmd/field/create.go:218.46,223.33 5 0
github.com/roboco-io/ghx-cli/internal/cmd/field/create.go:223.33,225.5 1 0
github.com/roboco-io/ghx-cli/internal/cmd/field/create.go:226.4,227.38 2 0
github.com/roboco-io/ghx-cli/internal/cmd/field/create.go:227.38,229.5 1 0
github.com/roboco-io/ghx-cli/internal/cmd/field/create.go:230.4,230.20 1 0
github.com/roboco-io/ghx-cli/internal/cmd/field/create.go:232.3,232.22 1 0
github.com/roboco-io/ghx-cli/internal/cmd/field/create.go:233.8,235.3 1 0
github.com/roboco-io/ghx-cli/internal/cmd/field/create.go:236.2,238.12 2 0
github.com/roboco-io/ghx-cli/internal/cmd/field/delete.go:13.36,29.86 1 8
github.com/roboco-io/ghx-cli/internal/cmd/field/delete.go:29.86,35.4 3 0
github.com/roboco-io/ghx-cli/internal/cmd/field/delete.go:38.2,38.32 1 8
github.com/roboco-io/ghx-cli/internal/cmd/field/delete_helpers.go:29.65,37.55 2 16
github.com/roboco-io/ghx-cli/internal/cmd/field/delete_helpers.go:37.55,40.4 2 0
github.com/roboco-io/ghx-cli/internal/cmd/field/delete_helpers.go:43.2,44.12 2 16
github.com/roboco-io/ghx-cli/internal/cmd/field/delete_helpers.go:53.9,57.16 3 0
github.com/roboco-io/ghx-cli/internal/cmd/field/delete_helpers.go:57.16,59.3 1 0
github.com/roboco-io/ghx-cli/internal/cmd/field/delete_helpers.go:62.2,65.17 2 0
github.com/roboco-io/ghx-cli/internal/cmd/field/delete_helpers.go:65.17,72.21 6 0
github.com/roboco-io/ghx-cli/internal/cmd/field/delete_helpers.go:72.21,75.4 2 0
github.com/roboco-io/ghx-cli/internal/cmd/field/delete_helpers.go:77.3,77.31 1 0
github.com/roboco-io/ghx-cli/internal/cmd/field/delete_helpers.go:77.31,80.4 2 0
github.com/roboco-io/ghx-cli/internal/cmd/field/delete_helpers.go:84.2,85.16 2 0
github.com/roboco-io/ghx-cli/internal/cmd/field/delete_helpers.go:85.16,87.3 1 0
github.com/roboco-io/ghx-cli/internal/cmd/field/delete_helpers.go:89.2,90.12 2 0
github.com/roboco-io/ghx-cli/internal/cmd/field/delete_option.go:13.42,29.87 1 8
github.com/roboco-io/ghx-cli/internal/cmd/field/delete_option.go:29.87,35.4 3 0
github.com/roboco-io/ghx-cli/internal/cmd/field/delete_option.go:38.2,38.32 1 8
github.com/roboco-io/ghx-cli/internal/cmd/field/field.go:8.35,54.2 9 8
github.com/roboco-io/ghx-cli/internal/cmd/field/list.go:30.34,48.55 2 8
github.com/roboco-io/ghx-cli/internal/cmd/field/list.go:48.55,52.4 3 0
github.com/roboco-io/ghx-cli/internal/cmd/field/list.go:55.2,57.12 2 8
github.com/roboco-io/ghx-cli/internal/cmd/field/list.go:60.60,63.44 2 0
github.com/roboco-io/ghx-cli/internal/cmd/field/list.go:63.44,65.17 2 0
github.com/roboco-io/ghx-cli/internal/cmd/field/list.go:65.17,67.4 1 0
github.com/roboco-io/ghx-cli/internal/cmd/field/list.go:68.8,70.3 1 0
github.com/roboco-io/ghx-cli/internal/cmd/field/list.go:73.2,75.16 3 0
github.com/roboco-io/ghx-cli/internal/cmd/field/list.go:75.16,77.3 1 0
github.com/roboco-io/ghx-cli/internal/cmd/field/list.go:80.2,85.16 4 0
github.com/roboco-io/ghx-cli/internal/cmd/field/list.go:85.16,87.3 1 0
github.com/roboco-io/ghx-cli/internal/cmd/field/list.go:90.2,90.42 1 0
github.com/roboco-io/ghx-cli/internal/cmd/field/list.go:93.68,94.16 1 0
github.com/roboco-io/ghx-cli/internal/cmd/field/list.go:95.18,96.34 1 0
github.com/roboco-io/ghx-cli/internal/cmd/field/list.go:97.19,98.35 1 0
github.com/roboco-io/ghx-cli/internal/cmd/field/list.go:99.10,100.50 1 0
github.com/roboco-io/ghx-cli/internal/cmd/field/list.go:104.58,105.22 1 0
github.com/roboco-io/ghx-cli/internal/cmd/field/list.go:105.22,108.3 2 0
github.com/roboco-io/ghx-cli/internal/cmd/field/list.go:110.2,114.31 4 0
github.com/roboco-io/ghx-cli/internal/cmd/field/list.go:114.31,117.22 3 0
github.com/roboco-io/ghx-cli/internal/cmd/field/list.go:117.22,119.4 1 0
github.com/roboco-io/ghx-cli/internal/cmd/field/list.go:121.3,128.56 2 0
github.com/roboco-io/ghx-cli/internal/cmd/field/list.go:128.56,131.41 3 0
github.com/roboco-io/ghx-cli/internal/cmd/field/list.go:131.41,133.5 1 0
github.com/roboco-io/ghx-cli/internal/cmd/field/list.go:134.4,134.55 1 0
github.com/roboco-io/ghx-cli/internal/cmd/field/list.go:138.2,138.12 1 0
github.com/roboco-io/ghx-cli/internal/cmd/field/list.go:141.73,147.31 5 0
github.com/roboco-io/ghx-cli/internal/cmd/field/list.go:147.31,149.3 1 0
github.com/roboco-io/ghx-cli/internal/cmd/field/list.go:149.8,151.3 1 0
github.com/roboco-io/ghx-cli/internal/cmd/field/list.go:153.2,153.12 1 0
github.com/roboco-io/ghx-cli/internal/cmd/field/list.go:153.12,155.3 1 0
github.com/roboco-io/ghx-cli/internal/cmd/field/list.go:155.8,157.3 1 0
github.com/roboco-io/ghx-cli/internal/cmd/field/list.go:160.64,161.22 1 0
github.com/roboco-io/ghx-cli/internal/cmd/field/list.go:161.22,163.34 2 0
github.com/roboco-io/ghx-cli/internal/cmd/field/list.go:163.34,165.4 1 0
github.com/roboco-io/ghx-cli/internal/cmd/field/list.go:166.3,166.24 1 0
github.com/roboco-io/ghx-cli/internal/cmd/field/list.go:167.8,169.3 1 0
github.com/roboco-io/ghx-cli/internal/cmd/field/list.go:172.67,182.12 8 0
github.com/roboco-io/ghx-cli/internal/cmd/field/list.go:182.12,184.3 1 0
github.com/roboco-io/ghx-cli/internal/cmd/field/list.go:184.8,186.3 1 0
github.com/roboco-io/ghx-cli/internal/cmd/field/list.go:189.57,190.22 1 0
github.com/roboco-io/ghx-cli/internal/cmd/field/list.go:190.22,193.3 2 0
github.com/roboco-io/ghx-cli/internal/cmd/field/list.go:195.2,196.31 2 0
github.com/roboco-io/ghx-cli/internal/cmd/field/list.go:196.31,198.3 1 0
github.com/roboco-io/ghx-cli/internal/cmd/field/list.go:199.2,201.12 2 0
github.com/roboco-io/ghx-cli/internal/cmd/field/list.go:204.44,205.22 1 0
github.com/roboco-io/ghx-cli/internal/cmd/field/list.go:205.22,207.3 1 0
github.com/roboco-io/ghx-cli/internal/cmd/field/list.go:208.2,208.29 1 0
github.com/roboco-io/ghx-cli/internal/cmd/field/update.go:23.36,39.55 2 8
github.com/roboco-io/ghx-cli/internal/cmd/field/update.go:39.55,43.4 3 0
github.com/roboco-io/ghx-cli/internal/cmd/field/update.go:46.2,49.12 3 8
github.com/roboco-io/ghx-cli/internal/cmd/field/update.go:52.64,54.61 1 0
github.com/roboco-io/ghx-cli/internal/cmd/field/update.go:54.61,56.3 1 0
github.com/roboco-io/ghx-cli/internal/cmd/field/update.go:59.2,61.16 3 0
github.com/roboco-io/ghx-cli/internal/cmd/field/update.go:61.16,63.3 1 0
github.com/roboco-io/ghx-cli/internal/cmd/field/update.go:66.2,76.16 5 0
github.com/roboco-io/ghx-cli/internal/cmd/field/update.go:76.16,78.3 1 0
github.com/roboco-io/ghx-cli/internal/cmd/field/update.go:81.2,81.47 1 0
github.com/roboco-io/ghx-cli/internal/cmd/field/update.go:84.77,85.16 1 0
github.com/roboco-io/ghx-cli/internal/cmd/field/update.go:86.14,87.39 1 0
github.com/roboco-io/ghx-cli/internal/cmd/field/update.go:88.15,89.40 1 0
github.com/roboco-io/ghx-cli/internal/cmd/field/update.go:90.10,91.50 1 0
github.com/roboco-io/ghx-cli/internal/cmd/field/update.go:95.67,104.2 6 0
github.com/roboco-io/ghx-cli/internal/cmd/field/update.go:106.66,114.2 6 0
github.com/roboco-io/ghx-cli/internal/cmd/field/update_option.go:25.42,44.55 2 8
github.com/roboco-io/ghx-cli/internal/cmd/field/update_option.go:44.55,48.4 3 0
github.com/roboco-io/ghx-cli/internal/cmd/field/update_option.go:51.2,55.12 4 8
github.com/roboco-io/ghx-cli/internal/cmd/field/update_option.go:58.76,60.67 1 0
github.com/roboco-io/ghx-cli/internal/cmd/field/update_option.go:60.67,62.3 1 0
github.com/roboco-io/ghx-cli/internal/cmd/field/update_option.go:65.2,66.22 2 0
github.com/roboco-io/ghx-cli/internal/cmd/field/update_option.go:66.22,67.59 1 0
github.com/roboco-io/ghx-cli/internal/cmd/field/update_option.go:67.59,69.4 1 0
github.com/roboco-io/ghx-cli/internal/cmd/field/update_option.go:70.3,71.27 2 0
github.com/roboco-io/ghx-cli/internal/cmd/field/update_option.go:75.2,77.16 3 0
github.com/roboco-io/ghx-cli/internal/cmd/field/update_option.go:77.16,79.3 1 0
github.com/roboco-io/ghx-cli/internal/cmd/field/update_option.go:82.2,90.21 4 0
github.com/roboco-io/ghx-cli/internal/cmd/field/update_option.go:90.21,92.3 1 0
github.com/roboco-io/ghx-cli/internal/cmd/field/update_option.go:93.2,93.28 1 0
github.com/roboco-io/ghx-cli/internal/cmd/field/update_option.go:93.28,95.3 1 0
github.com/roboco-io/ghx-cli/internal/cmd/field/update_option.go:96.2,96.28 1 0
github.com/roboco-io/ghx-cli/internal/cmd/field/update_option.go:96.28,98.3 1 0
github.com/roboco-io/ghx-cli/internal/cmd/field/update_option.go:101.2,102.16 2 0
github.com/roboco-io/ghx-cli/internal/cmd/field/update_option.go:102.16,104.3 1 0
github.com/roboco-io/ghx-cli/internal/cmd/field/update_option.go:107.2,107.49 1 0
github.com/roboco-io/ghx-cli/internal/cmd/field/update_option.go:110.97,111.16 1 0
github.com/roboco-io/ghx-cli/internal/cmd/field/update_option.go:112.14,113.41 1 0
github.com/roboco-io/ghx-cli/internal/cmd/field/update_option.go:114.15,115.42 1 0
github.com/roboco-io/ghx-cli/internal/cmd/field/update_option.go:116.10,117.50 1 0
github.com/roboco-io/ghx-cli/internal/cmd/field/update_option.go:121.87,129.60 6 0
github.com/roboco-io/ghx-cli/internal/cmd/field/update_option.go:129.60,131.3 1 0
github.com/roboco-io/ghx-cli/internal/cmd/field/update_option.go:133.2,133.12 1 0
github.com/roboco-io/ghx-cli/internal/cmd/field/update_option.go:136.86,142.31 5 0
github.com/roboco-io/ghx-cli/internal/cmd/field/update_option.go:142.31,144.3 1 0
github.com/roboco-io/ghx-cli/internal/cmd/field/update_option.go:146.2,148.12 2 0
github.com/roboco-io/ghx-cli/internal/cmd/item/add.go:30.33,50.55 2 8
github.com/roboco-io/ghx-cli/internal/cmd/item/add.go:50.55,52.21 2 0
github.com/roboco-io/ghx-cli/internal/cmd/item/add.go:52.21,54.5 1 0
github.com/roboco-io/ghx-cli/internal/cmd/item/add.go:55.4,55.38 1 0
github.com/roboco-io/ghx-cli/internal/cmd/item/add.go:59.2,64.12 5 8
github.com/roboco-io/ghx-cli/internal/cmd/item/add.go:67.49,68.16 1 0
github.com/roboco-io/ghx-cli/internal/cmd/item/add.go:68.16,69.23 1 0
github.com/roboco-io/ghx-cli/internal/cmd/item/add.go:69.23,71.4 1 0
github.com/roboco-io/ghx-cli/internal/cmd/item/add.go:72.3,72.25 1 0
github.com/roboco-io/ghx-cli/internal/cmd/item/add.go:72.25,74.4 1 0
github.com/roboco-io/ghx-cli/internal/cmd/item/add.go:75.8,75.31 1 0
github.com/roboco-io/ghx-cli/internal/cmd/item/add.go:75.31,77.3 1 0
github.com/roboco-io/ghx-cli/internal/cmd/item/add.go:78.2,78.12 1 0
github.com/roboco-io/ghx-cli/internal/cmd/item/add.go:81.110,84.16 3 0
github.com/roboco-io/ghx-cli/internal/cmd/item/add.go:84.16,86.3 1 0
github.com/roboco-io/ghx-cli/internal/cmd/item/add.go:88.2,92.49 4 0
github.com/roboco-io/ghx-cli/internal/cmd/item/add.go:95.135,97.16 2 0
github.com/roboco-io/ghx-cli/internal/cmd/item/add.go:97.16,99.3 1 0
github.com/roboco-io/ghx-cli/internal/cmd/item/add.go:101.2,102.59 2 0
github.com/roboco-io/ghx-cli/internal/cmd/item/add.go:105.118,107.16 2 0
github.com/roboco-io/ghx-cli/internal/cmd/item/add.go:107.16,109.3 1 0
github.com/roboco-io/ghx-cli/internal/cmd/item/add.go:111.2,115.16 3 0
github.com/roboco-io/ghx-cli/internal/cmd/item/add.go:115.16,119.3 3 0
github.com/roboco-io/ghx-cli/internal/cmd/item/add.go:119.8,121.19 2 0
github.com/roboco-io/ghx-cli/internal/cmd/item/add.go:121.19,123.4 1 0
github.com/roboco-io/ghx-cli/internal/cmd/item/add.go:124.3,126.23 3 0
github.com/roboco-io/ghx-cli/internal/cmd/item/add.go:129.2,130.16 2 0
github.com/roboco-io/ghx-cli/internal/cmd/item/add.go:130.16,132.3 1 0
github.com/roboco-io/ghx-cli/internal/cmd/item/add.go:134.2,135.59 2 0
github.com/roboco-io/ghx-cli/internal/cmd/item/add.go:138.58,139.49 1 0
github.com/roboco-io/ghx-cli/internal/cmd/item/add.go:139.49,141.3 1 0
github.com/roboco-io/ghx-cli/internal/cmd/item/add.go:144.2,145.16 2 0
github.com/roboco-io/ghx-cli/internal/cmd/item/add.go:145.16,147.3 1 0
github.com/roboco-io/ghx-cli/internal/cmd/item/add.go:150.2,151.16 2 0
github.com/roboco-io/ghx-cli/internal/cmd/item/add.go:151.16,153.3 1 0
github.com/roboco-io/ghx-cli/internal/cmd/item/add.go:156.2,157.16 2 0
github.com/roboco-io/ghx-cli/internal/cmd/item/add.go:157.16,159.3 1 0
github.com/roboco-io/ghx-cli/internal/cmd/item/add.go:161.2,161.16 1 0
github.com/roboco-io/ghx-cli/internal/cmd/item/add.go:161.16,163.22 2 0
github.com/roboco-io/ghx-cli/internal/cmd/item/add.go:163.22,165.4 1 0
github.com/roboco-io/ghx-cli/internal/cmd/item/add.go:166.3,166.84 1 0
github.com/roboco-io/ghx-cli/internal/cmd/item/add.go:169.2,169.81 1 0
github.com/roboco-io/ghx-cli/internal/cmd/item/add.go:172.78,173.16 1 0
github.com/roboco-io/ghx-cli/internal/cmd/item/add.go:174.18,175.35 1 0
github.com/roboco-io/ghx-cli/internal/cmd/item/add.go:176.19,177.47 1 0
github.com/roboco-io/ghx-cli/internal/cmd/item/add.go:178.10,179.50 1 0
github.com/roboco-io/ghx-cli/internal/cmd/item/add.go:183.57,186.17 2 0
github.com/roboco-io/ghx-cli/internal/cmd/item/add.go:186.17,188.48 2 0
github.com/roboco-io/ghx-cli/internal/cmd/item/add.go:188.48,190.4 1 0
github.com/roboco-io/ghx-cli/internal/cmd/item/add.go:191.3,191.42 1 0
github.com/roboco-io/ghx-cli/internal/cmd/item/add.go:194.2,194.12 1 0
github.com/roboco-io/ghx-cli/internal/cmd/item/add.go:197.47,207.2 8 0
github.com/roboco-io/ghx-cli/internal/cmd/item/add_bulk.go:26.37,49.55 2 8
github.com/roboco-io/ghx-cli/internal/cmd/item/add_bulk.go:49.55,51.4 1 0
github.com/roboco-io/ghx-cli/internal/cmd/item/add_bulk.go:54.2,58.12 4 8
github.com/roboco-io/ghx-cli/internal/cmd/item/add_bulk.go:62.87,64.53 1 0
github.com/roboco-io/ghx-cli/internal/cmd/item/add_bulk.go:64.53,66.3 1 0
github.com/roboco-io/ghx-cli/internal/cmd/item/add_bulk.go:69.2,70.16 2 0
github.com/roboco-io/ghx-cli/internal/cmd/item/add_bulk.go:70.16,72.3 1 0
github.com/roboco-io/ghx-cli/internal/cmd/item/add_bulk.go:75.2,80.16 4 0
github.com/roboco-io/ghx-cli/internal/cmd/item/add_bulk.go:80.16,82.3 1 0
github.com/roboco-io/ghx-cli/internal/cmd/item/add_bulk.go:85.2,86.16 2 0
github.com/roboco-io/ghx-cli/internal/cmd/item/add_bulk.go:86.16,88.3 1 0
github.com/roboco-io/ghx-cli/internal/cmd/item/add_bulk.go:91.2,91.74 1 0
github.com/roboco-io/ghx-cli/internal/cmd/item/add_bulk.go:95.56,96.66 1 0
github.com/roboco-io/ghx-cli/internal/cmd/item/add_bulk.go:96.66,98.3 1 0
github.com/roboco-io/ghx-cli/internal/cmd/item/add_bulk.go:99.2,99.12 1 0
github.com/roboco-io/ghx-cli/internal/cmd/item/add_bulk.go:103.84,107.23 2 0
github.com/roboco-io/ghx-cli/internal/cmd/item/add_bulk.go:107.23,109.17 2 0
github.com/roboco-io/ghx-cli/internal/cmd/item/add_bulk.go:109.17,111.4 1 0
github.com/roboco-io/ghx-cli/internal/cmd/item/add_bulk.go:112.3,112.44 1 0
github.com/roboco-io/ghx-cli/internal/cmd/item/add_bulk.go:116.2,116.22 1 0
github.com/roboco-io/ghx-cli/internal/cmd/item/add_bulk.go:116.22,118.17 2 0
github.com/roboco-io/ghx-cli/internal/cmd/item/add_bulk.go:118.17,120.4 1 0
github.com/roboco-io/ghx-cli/internal/cmd/item/add_bulk.go:121.3,121.44 1 0
github.com/roboco-io/ghx-cli/internal/cmd/item/add_bulk.go:125.2,125.25 1 0
github.com/roboco-io/ghx-cli/internal/cmd/item/add_bulk.go:125.25,127.17 2 0
github.com/roboco-io/ghx-cli/internal/cmd/item/add_bulk.go:127.17,129.4 1 0
github.com/roboco-io/ghx-cli/internal/cmd/item/add_bulk.go:130.3,130.44 1 0
github.com/roboco-io/ghx-cli/internal/cmd/item/add_bulk.go:133.2,133.24 1 0
github.com/roboco-io/ghx-cli/internal/cmd/item/add_bulk.go:137.82,140.16 3 0
github.com/roboco-io/ghx-cli/internal/cmd/item/add_bulk.go:140.16,142.3 1 0
github.com/roboco-io/ghx-cli/internal/cmd/item/add_bulk.go:144.2,145.79 2 0
github.com/roboco-io/ghx-cli/internal/cmd/item/add_bulk.go:149.130,151.21 2 0
github.com/roboco-io/ghx-cli/internal/cmd/item/add_bulk.go:151.21,153.3 1 0
github.com/roboco-io/ghx-cli/internal/cmd/item/add_bulk.go:155.2,157.16 3 0
github.com/roboco-io/ghx-cli/internal/cmd/item/add_bulk.go:157.16,159.3 1 0
github.com/roboco-io/ghx-cli/internal/cmd/item/add_bulk.go:161.2,162.16 2 0
github.com/roboco-io/ghx-cli/internal/cmd/item/add_bulk.go:162.16,164.3 1 0
github.com/roboco-io/ghx-cli/internal/cmd/item/add_bulk.go:166.2,166.21 1 0
github.com/roboco-io/ghx-cli/internal/cmd/item/add_bulk.go:170.130,176.34 2 0
github.com/roboco-io/ghx-cli/internal/cmd/item/add_bulk.go:176.34,183.3 1 0
github.com/roboco-io/ghx-cli/internal/cmd/item/add_bulk.go:185.2,186.16 2 0
github.com/roboco-io/ghx-cli/internal/cmd/item/add_bulk.go:186.16,188.3 1 0
github.com/roboco-io/ghx-cli/internal/cmd/item/add_bulk.go:190.2,191.12 2 0
github.com/roboco-io/ghx-cli/internal/cmd/item/add_bulk.go:195.58,197.21 2 0
github.com/roboco-io/ghx-cli/internal/cmd/item/add_bulk.go:197.21,199.3 1 0
github.com/roboco-io/ghx-cli/internal/cmd/item/add_bulk.go:201.2,202.16 2 0
github.com/roboco-io/ghx-cli/internal/cmd/item/add_bulk.go:202.16,204.3 1 0
github.com/roboco-io/ghx-cli/internal/cmd/item/add_bulk.go:206.2,207.16 2 0
github.com/roboco-io/ghx-cli/internal/cmd/item/add_bulk.go:207.16,209.3 1 0
github.com/roboco-io/ghx-cli/internal/cmd/item/add_bulk.go:211.2,211.17 1 0
github.com/roboco-io/ghx-cli/internal/cmd/item/add_bulk.go:211.17,213.3 1 0
github.com/roboco-io/ghx-cli/internal/cmd/item/add_bulk.go:215.2,216.32 2 0
github.com/roboco-io/ghx-cli/internal/cmd/item/add_bulk.go:216.32,218.3 1 0
github.com/roboco-io/ghx-cli/internal/cmd/item/add_bulk.go:220.2,220.20 1 0
github.com/roboco-io/ghx-cli/internal/cmd/item/add_bulk.go:224.76,228.16 3 0
github.com/roboco-io/ghx-cli/internal/cmd/item/add_bulk.go:228.16,230.3 1 0
github.com/roboco-io/ghx-cli/internal/cmd/item/add_bulk.go:233.2,237.48 3 0
github.com/roboco-io/ghx-cli/internal/cmd/item/add_bulk.go:241.60,243.16 2 0
github.com/roboco-io/ghx-cli/internal/cmd/item/add_bulk.go:243.16,245.3 1 0
github.com/roboco-io/ghx-cli/internal/cmd/item/add_bulk.go:246.2,250.21 4 0
github.com/roboco-io/ghx-cli/internal/cmd/item/add_bulk.go:250.21,252.50 2 0
github.com/roboco-io/ghx-cli/internal/cmd/item/add_bulk.go:252.50,254.4 1 0
github.com/roboco-io/ghx-cli/internal/cmd/item/add_bulk.go:257.2,257.38 1 0
github.com/roboco-io/ghx-cli/internal/cmd/item/add_bulk.go:257.38,259.3 1 0
github.com/roboco-io/ghx-cli/internal/cmd/item/add_bulk.go:261.2,261.20 1 0
github.com/roboco-io/ghx-cli/internal/cmd/item/add_bulk.go:265.48,269.29 3 0
github.com/roboco-io/ghx-cli/internal/cmd/item/add_bulk.go:269.29,270.18 1 0
github.com/roboco-io/ghx-cli/internal/cmd/item/add_bulk.go:270.18,273.4 2 0
github.com/roboco-io/ghx-cli/internal/cmd/item/add_bulk.go:276.2,276.15 1 0
github.com/roboco-io/ghx-cli/internal/cmd/item/edit.go:25.34,47.55 2 8
github.com/roboco-io/ghx-cli/internal/cmd/item/edit.go:47.55,51.4 3 0
github.com/roboco-io/ghx-cli/internal/cmd/item/edit.go:54.2,61.12 6 8
github.com/roboco-io/ghx-cli/internal/cmd/item/edit.go:64.60,67.16 2 0
github.com/roboco-io/ghx-cli/internal/cmd/item/edit.go:67.16,69.3 1 0
github.com/roboco-io/ghx-cli/internal/cmd/item/edit.go:72.2,74.16 3 0
github.com/roboco-io/ghx-cli/internal/cmd/item/edit.go:74.16,76.3 1 0
github.com/roboco-io/ghx-cli/internal/cmd/item/edit.go:79.2,84.16 4 0
github.com/roboco-io/ghx-cli/internal/cmd/item/edit.go:84.16,86.3 1 0
github.com/roboco-io/ghx-cli/internal/cmd/item/edit.go:89.2,90.45 2 0
github.com/roboco-io/ghx-cli/internal/cmd/item/edit.go:90.45,91.35 1 0
github.com/roboco-io/ghx-cli/internal/cmd/item/edit.go:91.35,93.9 2 0
github.com/roboco-io/ghx-cli/internal/cmd/item/edit.go:97.2,97.19 1 0
github.com/roboco-io/ghx-cli/internal/cmd/item/edit.go:97.19,99.3 1 0
github.com/roboco-io/ghx-cli/internal/cmd/item/edit.go:102.2,108.79 3 0
github.com/roboco-io/ghx-cli/internal/cmd/item/edit.go:108.79,110.3 1 0
github.com/roboco-io/ghx-cli/internal/cmd/item/edit.go:113.2,121.16 3 0
github.com/roboco-io/ghx-cli/internal/cmd/item/edit.go:121.16,123.3 1 0
github.com/roboco-io/ghx-cli/internal/cmd/item/edit.go:125.2,126.73 2 0
github.com/roboco-io/ghx-cli/internal/cmd/item/edit.go:129.78,130.16 1 0
github.com/roboco-io/ghx-cli/internal/cmd/item/edit.go:131.18,132.49 1 0
github.com/roboco-io/ghx-cli/internal/cmd/item/edit.go:133.15,134.50 1 0
github.com/roboco-io/ghx-cli/internal/cmd/item/edit.go:135.10,136.50 1 0
github.com/roboco-io/ghx-cli/internal/cmd/item/edit.go:140.60,144.2 3 0
github.com/roboco-io/ghx-cli/internal/cmd/item/edit.go:146.59,153.2 6 0
github.com/roboco-io/ghx-cli/internal/cmd/item/item.go:8.34,45.2 9 8
github.com/roboco-io/ghx-cli/internal/cmd/item/list.go:47.34,65.55 2 8
github.com/roboco-io/ghx-cli/internal/cmd/item/list.go:65.55,66.21 1 0
github.com/roboco-io/ghx-cli/internal/cmd/item/list.go:66.21,68.5 1 0
github.com/roboco-io/ghx-cli/internal/cmd/item/list.go:69.4,69.39 1 0
github.com/roboco-io/ghx-cli/internal/cmd/item/list.go:73.2,82.12 9 8
github.com/roboco-io/ghx-cli/internal/cmd/item/list.go:85.60,89.16 3 0
github.com/roboco-io/ghx-cli/internal/cmd/item/list.go:89.16,91.3 1 0
github.com/roboco-io/ghx-cli/internal/cmd/item/list.go:94.2,99.27 4 0
github.com/roboco-io/ghx-cli/internal/cmd/item/list.go:99.27,102.3 1 0
github.com/roboco-io/ghx-cli/internal/cmd/item/list.go:102.8,105.3 1 0
github.com/roboco-io/ghx-cli/internal/cmd/item/list.go:107.2,107.16 1 0
github.com/roboco-io/ghx-cli/internal/cmd/item/list.go:107.16,109.3 1 0
github.com/roboco-io/ghx-cli/internal/cmd/item/list.go:111.2,111.40 1 0
github.com/roboco-io/ghx-cli/internal/cmd/item/list.go:114.128,117.21 2 0
github.com/roboco-io/ghx-cli/internal/cmd/item/list.go:117.21,119.3 1 0
github.com/roboco-io/ghx-cli/internal/cmd/item/list.go:120.2,123.22 3 0
github.com/roboco-io/ghx-cli/internal/cmd/item/list.go:123.22,125.3 1 0
github.com/roboco-io/ghx-cli/internal/cmd/item/list.go:127.2,130.45 2 0
github.com/roboco-io/ghx-cli/internal/cmd/item/list.go:130.45,132.17 2 0
github.com/roboco-io/ghx-cli/internal/cmd/item/list.go:132.17,134.4 1 0
github.com/roboco-io/ghx-cli/internal/cmd/item/list.go:135.3,135.41 1 0
github.com/roboco-io/ghx-cli/internal/cmd/item/list.go:139.2,139.72 1 0
github.com/roboco-io/ghx-cli/internal/cmd/item/list.go:139.72,141.17 2 0
github.com/roboco-io/ghx-cli/internal/cmd/item/list.go:141.17,143.4 1 0
github.com/roboco-io/ghx-cli/internal/cmd/item/list.go:144.3,144.38 1 0
github.com/roboco-io/ghx-cli/internal/cmd/item/list.go:148.2,148.42 1 0
github.com/roboco-io/ghx-cli/internal/cmd/item/list.go:151.120,164.23 3 0
github.com/roboco-io/ghx-cli/internal/cmd/item/list.go:164.23,166.3 1 0
github.com/roboco-io/ghx-cli/internal/cmd/item/list.go:168.2,171.45 2 0
github.com/roboco-io/ghx-cli/internal/cmd/item/list.go:171.45,173.17 2 0
github.com/roboco-io/ghx-cli/internal/cmd/item/list.go:173.17,175.4 1 0
github.com/roboco-io/ghx-cli/internal/cmd/item/list.go:176.3,176.41 1 0
github.com/roboco-io/ghx-cli/internal/cmd/item/list.go:180.2,180.72 1 0
github.com/roboco-io/ghx-cli/internal/cmd/item/list.go:180.72,182.17 2 0
github.com/roboco-io/ghx-cli/internal/cmd/item/list.go:182.17,184.4 1 0
github.com/roboco-io/ghx-cli/internal/cmd/item/list.go:185.3,185.38 1 0
github.com/roboco-io/ghx-cli/internal/cmd/item/list.go:188.2,188.22 1 0
github.com/roboco-io/ghx-cli/internal/cmd/item/list.go:191.83,194.23 2 0
github.com/roboco-io/ghx-cli/internal/cmd/item/list.go:194.23,197.47 1 0
github.com/roboco-io/ghx-cli/internal/cmd/item/list.go:197.47,199.4 1 0
github.com/roboco-io/ghx-cli/internal/cmd/item/list.go:202.2,202.41 1 0
github.com/roboco-io/ghx-cli/internal/cmd/item/list.go:205.75,206.24 1 0
github.com/roboco-io/ghx-cli/internal/cmd/item/list.go:206.24,208.3 1 0
github.com/roboco-io/ghx-cli/internal/cmd/item/list.go:209.2,209.59 1 0
github.com/roboco-io/ghx-cli/internal/cmd/item/list.go:212.79,213.26 1 0
github.com/roboco-io/ghx-cli/internal/cmd/item/list.go:213.26,215.3 1 0
github.com/roboco-io/ghx-cli/internal/cmd/item/list.go:217.2,217.42 1 0
github.com/roboco-io/ghx-cli/internal/cmd/item/list.go:217.42,218.92 1 0
github.com/roboco-io/ghx-cli/internal/cmd/item/list.go:218.92,220.4 1 0
github.com/roboco-io/ghx-cli/internal/cmd/item/list.go:222.2,222.14 1 0
github.com/roboco-io/ghx-cli/internal/cmd/item/list.go:225.77,226.28 1 0
github.com/roboco-io/ghx-cli/internal/cmd/item/list.go:226.28,228.3 1 0
github.com/roboco-io/ghx-cli/internal/cmd/item/list.go:230.2,230.45 1 0
github.com/roboco-io/ghx-cli/internal/cmd/item/list.go:230.45,231.41 1 0
github.com/roboco-io/ghx-cli/internal/cmd/item/list.go:231.41,233.4 1 0
github.com/roboco-io/ghx-cli/internal/cmd/item/list.go:235.2,235.13 1 0
github.com/roboco-io/ghx-cli/internal/cmd/item/list.go:238.70,239.40 1 0
github.com/roboco-io/ghx-cli/internal/cmd/item/list.go:239.40,240.33 1 0
github.com/roboco-io/ghx-cli/internal/cmd/item/list.go:240.33,242.4 1 0
github.com/roboco-io/ghx-cli/internal/cmd/item/list.go:244.2,244.14 1 0
github.com/roboco-io/ghx-cli/internal/cmd/item/list.go:247.73,248.37 1 0
github.com/roboco-io/ghx-cli/internal/cmd/item/list.go:248.37,250.3 1 0
github.com/roboco-io/ghx-cli/internal/cmd/item/list.go:251.2,251.14 1 0
github.com/roboco-io/ghx-cli/internal/cmd/item/list.go:254.65,255.21 1 0
github.com/roboco-io/ghx-cli/internal/cmd/item/list.go:255.21,258.3 2 0
github.com/roboco-io/ghx-cli/internal/cmd/item/list.go:260.2,260.16 1 0
github.com/roboco-io/ghx-cli/internal/cmd/item/list.go:261.18,262.32 1 0
github.com/roboco-io/ghx-cli/internal/cmd/item/list.go:263.15,264.33 1 0
github.com/roboco-io/ghx-cli/internal/cmd/item/list.go:265.10,266.50 1 0
github.com/roboco-io/ghx-cli/internal/cmd/item/list.go:270.55,273.23 2 0
github.com/roboco-io/ghx-cli/internal/cmd/item/list.go:273.23,275.3 1 0
github.com/roboco-io/ghx-cli/internal/cmd/item/list.go:277.2,277.12 1 0
github.com/roboco-io/ghx-cli/internal/cmd/item/list.go:280.29,284.2 2 0
github.com/roboco-io/ghx-cli/internal/cmd/item/list.go:286.48,297.2 8 0
github.com/roboco-io/ghx-cli/internal/cmd/item/list.go:299.63,300.21 1 0
github.com/roboco-io/ghx-cli/internal/cmd/item/list.go:300.21,302.3 1 0
github.com/roboco-io/ghx-cli/internal/cmd/item/list.go:303.2,303.10 1 0
github.com/roboco-io/ghx-cli/internal/cmd/item/list.go:306.43,307.19 1 0
github.com/roboco-io/ghx-cli/internal/cmd/item/list.go:307.19,309.3 1 0
github.com/roboco-io/ghx-cli/internal/cmd/item/list.go:310.2,311.70 2 0
github.com/roboco-io/ghx-cli/internal/cmd/item/list.go:314.54,315.23 1 0
github.com/roboco-io/ghx-cli/internal/cmd/item/list.go:315.23,317.3 1 0
github.com/roboco-io/ghx-cli/internal/cmd/item/list.go:318.2,318.83 1 0
github.com/roboco-io/ghx-cli/internal/cmd/item/list.go:321.46,322.19 1 0
github.com/roboco-io/ghx-cli/internal/cmd/item/list.go:322.19,324.3 1 0
github.com/roboco-io/ghx-cli/internal/cmd/item/list.go:325.2,325.71 1 0
github.com/roboco-io/ghx-cli/internal/cmd/item/list.go:328.44,329.35 1 0
github.com/roboco-io/ghx-cli/internal/cmd/item/list.go:329.35,331.3 1 0
github.com/roboco-io/ghx-cli/internal/cmd/item/list.go:332.2,332.16 1 0
github.com/roboco-io/ghx-cli/internal/cmd/item/list.go:335.54,338.23 2 0
github.com/roboco-io/ghx-cli/internal/cmd/item/list.go:338.23,343.25 5 0
github.com/roboco-io/ghx-cli/internal/cmd/item/list.go:343.25,345.4 1 0
github.com/roboco-io/ghx-cli/internal/cmd/item/list.go:346.3,347.29 2 0
github.com/roboco-io/ghx-cli/internal/cmd/item/list.go:347.29,349.4 1 0
github.com/roboco-io/ghx-cli/internal/cmd/item/list.go:350.3,350.25 1 0
github.com/roboco-io/ghx-cli/internal/cmd/item/list.go:350.25,352.4 1 0
github.com/roboco-io/ghx-cli/internal/cmd/item/list.go:353.3,355.23 2 0
github.com/roboco-io/ghx-cli/internal/cmd/item/list.go:355.23,357.4 1 0
github.com/roboco-io/ghx-cli/internal/cmd/item/list.go:357.9,359.4 1 0
github.com/roboco-io/ghx-cli/internal/cmd/item/list.go:361.2,363.12 2 0
github.com/roboco-io/ghx-cli/internal/cmd/item/remove.go:22.36,40.55 2 8
github.com/roboco-io/ghx-cli/internal/cmd/item/remove.go:40.55,44.4 3 0
github.com/roboco-io/ghx-cli/internal/cmd/item/remove.go:47.2,49.12 2 8
github.com/roboco-io/ghx-cli/internal/cmd/item/remove.go:52.64,55.16 2 0
github.com/roboco-io/ghx-cli/internal/cmd/item/remove.go:55.16,57.3 1 0
github.com/roboco-io/ghx-cli/internal/cmd/item/remove.go:60.2,62.16 3 0
github.com/roboco-io/ghx-cli/internal/cmd/item/remove.go:62.16,64.3 1 0
github.com/roboco-io/ghx-cli/internal/cmd/item/remove.go:67.2,73.16 5 0
github.com/roboco-io/ghx-cli/internal/cmd/item/remove.go:73.16,75.3 1 0
github.com/roboco-io/ghx-cli/internal/cmd/item/remove.go:78.2,78.17 1 0
github.com/roboco-io/ghx-cli/internal/cmd/item/remove.go:78.17,87.21 8 0
github.com/roboco-io/ghx-cli/internal/cmd/item/remove.go:87.21,90.4 2 0
github.com/roboco-io/ghx-cli/internal/cmd/item/remove.go:92.3,92.31 1 0
github.com/roboco-io/ghx-cli/internal/cmd/item/remove.go:92.31,95.4 2 0
github.com/roboco-io/ghx-cli/internal/cmd/item/remove.go:99.2,100.16 2 0
github.com/roboco-io/ghx-cli/internal/cmd/item/remove.go:100.16,102.3 1 0
github.com/roboco-io/ghx-cli/internal/cmd/item/remove.go:104.2,105.12 2 0
github.com/roboco-io/ghx-cli/internal/cmd/item/update_bulk.go:17.40,44.55 2 8
github.com/roboco-io/ghx-cli/internal/cmd/item/update_bulk.go:44.55,46.4 1 0
github.com/roboco-io/ghx-cli/internal/cmd/item/update_bulk.go:49.2,57.12 7 8
github.com/roboco-io/ghx-cli/internal/cmd/item/update_bulk.go:60.99,62.36 1 0
github.com/roboco-io/ghx-cli/internal/cmd/item/update_bulk.go:62.36,64.3 1 0
github.com/roboco-io/ghx-cli/internal/cmd/item/update_bulk.go:66.2,66.33 1 0
github.com/roboco-io/ghx-cli/internal/cmd/item/update_bulk.go:66.33,68.3 1 0
github.com/roboco-io/ghx-cli/internal/cmd/item/update_bulk.go:71.2,72.21 2 0
github.com/roboco-io/ghx-cli/internal/cmd/item/update_bulk.go:72.21,74.3 1 0
github.com/roboco-io/ghx-cli/internal/cmd/item/update_bulk.go:76.2,78.16 3 0
github.com/roboco-io/ghx-cli/internal/cmd/item/update_bulk.go:78.16,80.3 1 0
github.com/roboco-io/ghx-cli/internal/cmd/item/update_bulk.go:83.2,85.16 3 0
github.com/roboco-io/ghx-cli/internal/cmd/item/update_bulk.go:85.16,87.3 1 0
github.com/roboco-io/ghx-cli/internal/cmd/item/update_bulk.go:90.2,96.16 5 0
github.com/roboco-io/ghx-cli/internal/cmd/item/update_bulk.go:96.16,98.3 1 0
github.com/roboco-io/ghx-cli/internal/cmd/item/update_bulk.go:100.2,103.18 2 0
github.com/roboco-io/ghx-cli/internal/cmd/item/update_bulk.go:103.18,105.23 2 0
github.com/roboco-io/ghx-cli/internal/cmd/item/update_bulk.go:105.23,107.4 1 0
github.com/roboco-io/ghx-cli/internal/cmd/item/update_bulk.go:108.3,108.53 1 0
github.com/roboco-io/ghx-cli/internal/cmd/item/update_bulk.go:112.2,112.17 1 0
github.com/roboco-io/ghx-cli/internal/cmd/item/update_bulk.go:112.17,114.22 2 0
github.com/roboco-io/ghx-cli/internal/cmd/item/update_bulk.go:114.22,116.4 1 0
github.com/roboco-io/ghx-cli/internal/cmd/item/update_bulk.go:117.3,117.54 1 0
github.com/roboco-io/ghx-cli/internal/cmd/item/update_bulk.go:121.2,135.16 6 0
github.com/roboco-io/ghx-cli/internal/cmd/item/update_bulk.go:135.16,137.3 1 0
github.com/roboco-io/ghx-cli/internal/cmd/item/update_bulk.go:139.2,140.23 2 0
github.com/roboco-io/ghx-cli/internal/cmd/item/update_bulk.go:140.23,142.40 2 0
github.com/roboco-io/ghx-cli/internal/cmd/item/update_bulk.go:142.40,144.4 1 0
github.com/roboco-io/ghx-cli/internal/cmd/item/update_bulk.go:146.2,148.12 2 0
github.com/roboco-io/ghx-cli/internal/cmd/item/view.go:28.34,47.55 2 8
github.com/roboco-io/ghx-cli/internal/cmd/item/view.go:47.55,50.4 2 0
github.com/roboco-io/ghx-cli/internal/cmd/item/view.go:53.2,56.12 3 8
github.com/roboco-io/ghx-cli/internal/cmd/item/view.go:59.60,62.16 2 0
github.com/roboco-io/ghx-cli/internal/cmd/item/view.go:62.16,64.3 1 0
github.com/roboco-io/ghx-cli/internal/cmd/item/view.go:67.2,69.16 3 0
github.com/roboco-io/ghx-cli/internal/cmd/item/view.go:69.16,71.3 1 0
github.com/roboco-io/ghx-cli/internal/cmd/item/view.go:74.2,79.16 4 0
github.com/roboco-io/ghx-cli/internal/cmd/item/view.go:79.16,80.15 1 0
github.com/roboco-io/ghx-cli/internal/cmd/item/view.go:80.15,83.4 2 0
github.com/roboco-io/ghx-cli/internal/cmd/item/view.go:84.3,84.48 1 0
github.com/roboco-io/ghx-cli/internal/cmd/item/view.go:88.2,89.16 2 0
github.com/roboco-io/ghx-cli/internal/cmd/item/view.go:89.16,91.3 1 0
github.com/roboco-io/ghx-cli/internal/cmd/item/view.go:93.2,93.14 1 0
github.com/roboco-io/ghx-cli/internal/cmd/item/view.go:93.14,96.3 2 0
github.com/roboco-io/ghx-cli/internal/cmd/item/view.go:98.2,98.50 1 0
github.com/roboco-io/ghx-cli/internal/cmd/item/view.go:101.68,102.16 1 0
github.com/roboco-io/ghx-cli/internal/cmd/item/view.go:103.14,104.39 1 0
github.com/roboco-io/ghx-cli/internal/cmd/item/view.go:105.17,106.40 1 0
github.com/roboco-io/ghx-cli/internal/cmd/item/view.go:107.10,108.50 1 0
github.com/roboco-io/ghx-cli/internal/cmd/item/view.go:112.77,113.16 1 0
github.com/roboco-io/ghx-cli/internal/cmd/item/view.go:114.14,115.42 1 0
github.com/roboco-io/ghx-cli/internal/cmd/item/view.go:116.17,117.43 1 0
github.com/roboco-io/ghx-cli/internal/cmd/item/view.go:118.10,119.50 1 0
github.com/roboco-io/ghx-cli/internal/cmd/item/view.go:123.58,129.18 6 0
github.com/roboco-io/ghx-cli/internal/cmd/item/view.go:129.18,131.3 1 0
github.com/roboco-io/ghx-cli/internal/cmd/item/view.go:131.8,133.3 1 0
github.com/roboco-io/ghx-cli/internal/cmd/item/view.go:134.2,139.33 4 0
github.com/roboco-io/ghx-cli/internal/cmd/item/view.go:139.33,141.44 2 0
github.com/roboco-io/ghx-cli/internal/cmd/item/view.go:141.44,143.4 1 0
github.com/roboco-io/ghx-cli/internal/cmd/item/view.go:147.2,147.36 1 0
github.com/roboco-io/ghx-cli/internal/cmd/item/view.go:147.36,149.50 2 0
github.com/roboco-io/ghx-cli/internal/cmd/item/view.go:149.50,151.4 1 0
github.com/roboco-io/ghx-cli/internal/cmd/item/view.go:155.2,155.22 1 0
github.com/roboco-io/ghx-cli/internal/cmd/item/view.go:155.22,161.39 4 0
github.com/roboco-io/ghx-cli/internal/cmd/item/view.go:161.39,163.4 1 0
github.com/roboco-io/ghx-cli/internal/cmd/item/view.go:166.3,167.30 2 0
github.com/roboco-io/ghx-cli/internal/cmd/item/view.go:167.30,169.4 1 0
github.com/roboco-io/ghx-cli/internal/cmd/item/view.go:172.2,172.12 1 0
github.com/roboco-io/ghx-cli/internal/cmd/item/view.go:175.67,182.15 6 0
github.com/roboco-io/ghx-cli/internal/cmd/item/view.go:182.15,184.3 1 0
github.com/roboco-io/ghx-cli/internal/cmd/item/view.go:185.2,192.30 5 0
github.com/roboco-io/ghx-cli/internal/cmd/item/view.go:192.30,194.41 2 0
github.com/roboco-io/ghx-cli/internal/cmd/item/view.go:194.41,196.4 1 0
github.com/roboco-io/ghx-cli/internal/cmd/item/view.go:200.2,200.33 1 0
github.com/roboco-io/ghx-cli/internal/cmd/item/view.go:200.33,202.47 2 0
github.com/roboco-io/ghx-cli/internal/cmd/item/view.go:202.47,204.4 1 0
github.com/roboco-io/ghx-cli/internal/cmd/item/view.go:208.2,208.38 1 0
github.com/roboco-io/ghx-cli/internal/cmd/item/view.go:208.38,210.51 2 0
github.com/roboco-io/ghx-cli/internal/cmd/item/view.go:210.51,212.4 1 0
github.com/roboco-io/ghx-cli/internal/cmd/item/view.go:216.2,216.19 1 0
github.com/roboco-io/ghx-cli/internal/cmd/item/view.go:216.19,222.39 4 0
github.com/roboco-io/ghx-cli/internal/cmd/item/view.go:222.39,224.4 1 0
github.com/roboco-io/ghx-cli/internal/cmd/item/view.go:227.3,228.30 2 0
github.com/roboco-io/ghx-cli/internal/cmd/item/view.go:228.30,230.4 1 0
github.com/roboco-io/ghx-cli/internal/cmd/item/view.go:233.2,233.12 1 0
github.com/roboco-io/ghx-cli/internal/cmd/item/view.go:236.57,250.2 13 0
github.com/roboco-io/ghx-cli/internal/cmd/item/view.go:252.66,267.2 14 0
github.com/roboco-io/ghx-cli/internal/cmd/project/create.go:29.36,44.55 2 8
github.com/roboco-io/ghx-cli/internal/cmd/project/create.go:44.55,46.4 1 0
github.com/roboco-io/ghx-cli/internal/cmd/project/create.go:49.2,59.12 10 8
github.com/roboco-io/ghx-cli/internal/cmd/project/create.go:62.79,64.19 1 0
github.com/roboco-io/ghx-cli/internal/cmd/project/create.go:64.19,66.3 1 0
github.com/roboco-io/ghx-cli/internal/cmd/project/create.go:68.2,68.22 1 0
github.com/roboco-io/ghx-cli/internal/cmd/project/create.go:68.22,70.3 1 0
github.com/roboco-io/ghx-cli/internal/cmd/project/create.go:72.2,72.24 1 0
github.com/roboco-io/ghx-cli/internal/cmd/project/create.go:72.24,74.3 1 0
github.com/roboco-io/ghx-cli/internal/cmd/project/create.go:77.2,79.16 3 0
github.com/roboco-io/ghx-cli/internal/cmd/project/create.go:79.16,81.3 1 0
github.com/roboco-io/ghx-cli/internal/cmd/project/create.go:84.2,98.16 5 0
github.com/roboco-io/ghx-cli/internal/cmd/project/create.go:98.16,100.3 1 0
github.com/roboco-io/ghx-cli/internal/cmd/project/create.go:103.2,103.14 1 0
github.com/roboco-io/ghx-cli/internal/cmd/project/create.go:103.14,106.3 1 0
github.com/roboco-io/ghx-cli/internal/cmd/project/create.go:109.2,110.51 2 0
github.com/roboco-io/ghx-cli/internal/cmd/project/create.go:113.76,114.16 1 0
github.com/roboco-io/ghx-cli/internal/cmd/project/create.go:115.18,116.43 1 0
github.com/roboco-io/ghx-cli/internal/cmd/project/create.go:117.21,121.33 3 0
github.com/roboco-io/ghx-cli/internal/cmd/project/create.go:121.33,123.4 1 0
github.com/roboco-io/ghx-cli/internal/cmd/project/create.go:125.3,129.13 4 0
github.com/roboco-io/ghx-cli/internal/cmd/project/create.go:130.10,131.50 1 0
github.com/roboco-io/ghx-cli/internal/cmd/project/delete.go:25.36,40.55 2 8
github.com/roboco-io/ghx-cli/internal/cmd/project/delete.go:40.55,42.4 1 0
github.com/roboco-io/ghx-cli/internal/cmd/project/delete.go:45.2,48.12 3 8
github.com/roboco-io/ghx-cli/internal/cmd/project/delete.go:51.79,56.39 3 0
github.com/roboco-io/ghx-cli/internal/cmd/project/delete.go:56.39,58.17 2 0
github.com/roboco-io/ghx-cli/internal/cmd/project/delete.go:58.17,60.4 1 0
github.com/roboco-io/ghx-cli/internal/cmd/project/delete.go:61.8,64.17 2 0
[...]
github.com/roboco-io/ghx-cli/internal/service/project.go:351.2,351.29 1 0
github.com/roboco-io/ghx-cli/internal/service/project.go:351.29,353.22 2 0
github.com/roboco-io/ghx-cli/internal/service/project.go:353.22,355.4 1 0
github.com/roboco-io/ghx-cli/internal/service/project.go:356.3,356.23 1 0
github.com/roboco-io/ghx-cli/internal/service/project.go:360.2,361.16 2 0
github.com/roboco-io/ghx-cli/internal/service/project.go:362.14,363.51 1 0
github.com/roboco-io/ghx-cli/internal/service/project.go:364.14,365.35 1 0
github.com/roboco-io/ghx-cli/internal/service/project.go:366.10,367.54 1 0
github.com/roboco-io/ghx-cli/internal/service/project.go:370.2,370.16 1 0
github.com/roboco-io/ghx-cli/internal/service/project.go:370.16,372.3 1 0
github.com/roboco-io/ghx-cli/internal/service/project.go:375.2,375.61 1 0
github.com/roboco-io/ghx-cli/internal/service/project.go:375.61,377.3 1 0
github.com/roboco-io/ghx-cli/internal/service/project.go:379.2,379.12 1 0
github.com/roboco-io/ghx-cli/internal/service/project.go:383.119,386.16 2 0
github.com/roboco-io/ghx-cli/internal/service/project.go:386.16,388.3 1 0
github.com/roboco-io/ghx-cli/internal/service/project.go:391.2,392.43 2 0
github.com/roboco-io/ghx-cli/internal/service/project.go:392.43,394.3 1 0
github.com/roboco-io/ghx-cli/internal/service/project.go:396.2,406.16 3 0
github.com/roboco-io/ghx-cli/internal/service/project.go:406.16,408.3 1 0
github.com/roboco-io/ghx-cli/internal/service/project.go:410.2,420.52 2 0
github.com/roboco-io/ghx-cli/internal/service/project.go:420.52,422.17 2 0
github.com/roboco-io/ghx-cli/internal/service/project.go:422.17,424.4 1 0
github.com/roboco-io/ghx-cli/internal/service/project.go:425.3,425.33 1 0
github.com/roboco-io/ghx-cli/internal/service/project.go:429.2,429.50 1 0
github.com/roboco-io/ghx-cli/internal/service/project.go:429.50,431.17 2 0
github.com/roboco-io/ghx-cli/internal/service/project.go:431.17,433.4 1 0
github.com/roboco-io/ghx-cli/internal/service/project.go:434.3,434.31 1 0
github.com/roboco-io/ghx-cli/internal/service/project.go:438.2,438.31 1 0
github.com/roboco-io/ghx-cli/internal/service/project.go:438.31,440.17 2 0
github.com/roboco-io/ghx-cli/internal/service/project.go:440.17,442.4 1 0
github.com/roboco-io/ghx-cli/internal/service/project.go:443.3,443.31 1 0
github.com/roboco-io/ghx-cli/internal/service/project.go:446.2,446.20 1 0
github.com/roboco-io/ghx-cli/internal/service/project.go:459.115,463.24 2 1
github.com/roboco-io/ghx-cli/internal/service/project.go:463.24,466.3 2 1
github.com/roboco-io/ghx-cli/internal/service/project.go:467.2,467.25 1 1
github.com/roboco-io/ghx-cli/internal/service/project.go:467.25,470.3 2 0
github.com/roboco-io/ghx-cli/internal/service/project.go:472.2,476.16 4 1
github.com/roboco-io/ghx-cli/internal/service/project.go:476.16,478.3 1 1
github.com/roboco-io/ghx-cli/internal/service/project.go:480.2,480.49 1 0
github.com/roboco-io/ghx-cli/internal/service/project.go:484.85,491.16 4 1
github.com/roboco-io/ghx-cli/internal/service/project.go:491.16,493.3 1 1
github.com/roboco-io/ghx-cli/internal/service/project.go:495.2,495.12 1 0
github.com/roboco-io/ghx-cli/internal/service/project.go:505.107,513.16 4 1
github.com/roboco-io/ghx-cli/internal/service/project.go:513.16,515.3 1 1
github.com/roboco-io/ghx-cli/internal/service/project.go:517.2,517.49 1 0
github.com/roboco-io/ghx-cli/internal/service/project.go:529.123,539.16 4 1
github.com/roboco-io/ghx-cli/internal/service/project.go:539.16,541.3 1 1
github.com/roboco-io/ghx-cli/internal/service/project.go:543.2,543.67 1 0
github.com/roboco-io/ghx-cli/internal/service/project.go:553.87,561.16 4 1
github.com/roboco-io/ghx-cli/internal/service/project.go:561.16,563.3 1 1
github.com/roboco-io/ghx-cli/internal/service/project.go:565.2,565.12 1 0
github.com/roboco-io/ghx-cli/internal/service/project.go:569.78,572.37 2 5
github.com/roboco-io/ghx-cli/internal/service/project.go:572.37,573.20 1 20
github.com/roboco-io/ghx-cli/internal/service/project.go:573.20,576.9 3 4
github.com/roboco-io/ghx-cli/internal/service/project.go:580.2,580.33 1 5
github.com/roboco-io/ghx-cli/internal/service/project.go:580.33,582.3 1 2
github.com/roboco-io/ghx-cli/internal/service/project.go:584.2,585.16 2 3
github.com/roboco-io/ghx-cli/internal/service/project.go:585.16,587.3 1 1
github.com/roboco-io/ghx-cli/internal/service/project.go:589.2,589.27 1 2
github.com/roboco-io/ghx-cli/internal/service/project.go:593.62,595.2 1 2
github.com/roboco-io/ghx-cli/internal/service/project.go:598.77,600.2 1 0
github.com/roboco-io/ghx-cli/internal/service/project.go:603.97,607.2 1 0
github.com/roboco-io/ghx-cli/internal/service/project.go:610.99,614.2 1 0
github.com/roboco-io/ghx-cli/internal/service/project.go:617.97,621.2 1 0
github.com/roboco-io/ghx-cli/internal/service/project.go:624.85,626.16 2 0
github.com/roboco-io/ghx-cli/internal/service/project.go:626.16,628.3 1 0
github.com/roboco-io/ghx-cli/internal/service/project.go:630.2,633.56 2 0
github.com/roboco-io/ghx-cli/internal/service/project.go:633.56,635.57 1 0
github.com/roboco-io/ghx-cli/internal/service/project.go:635.57,637.4 1 0
github.com/roboco-io/ghx-cli/internal/service/project.go:640.2,640.23 1 0
github.com/roboco-io/ghx-cli/internal/service/project.go:644.125,645.12 1 0
github.com/roboco-io/ghx-cli/internal/service/project.go:645.12,647.3 1 0
github.com/roboco-io/ghx-cli/internal/service/project.go:651.2,651.15 1 0
github.com/roboco-io/ghx-cli/internal/service/project.go:655.122,656.12 1 0
github.com/roboco-io/ghx-cli/internal/service/project.go:656.12,658.3 1 0
github.com/roboco-io/ghx-cli/internal/service/project.go:662.2,662.15 1 0
github.com/roboco-io/ghx-cli/internal/service/project.go:666.122,667.12 1 0
github.com/roboco-io/ghx-cli/internal/service/project.go:667.12,669.3 1 0
github.com/roboco-io/ghx-cli/internal/service/project.go:673.2,673.15 1 0
github.com/roboco-io/ghx-cli/internal/service/project.go:677.56,679.2 1 0
github.com/roboco-io/ghx-cli/internal/service/project.go:682.92,683.31 1 0
github.com/roboco-io/ghx-cli/internal/service/project.go:683.31,685.3 1 0
github.com/roboco-io/ghx-cli/internal/service/project.go:688.2,692.16 4 0
github.com/roboco-io/ghx-cli/internal/service/project.go:692.16,694.3 1 0
github.com/roboco-io/ghx-cli/internal/service/project.go:697.2,698.16 2 0
github.com/roboco-io/ghx-cli/internal/service/project.go:698.16,700.3 1 0
github.com/roboco-io/ghx-cli/internal/service/project.go:702.2,702.21 1 0
github.com/roboco-io/ghx-cli/internal/service/project.go:702.21,704.3 1 0
github.com/roboco-io/ghx-cli/internal/service/project.go:707.2,707.54 1 0
github.com/roboco-io/ghx-cli/internal/service/project.go:707.54,710.3 1 0
github.com/roboco-io/ghx-cli/internal/service/project.go:712.2,712.12 1 0
github.com/roboco-io/ghx-cli/internal/service/project.go:722.79,728.42 1 0
github.com/roboco-io/ghx-cli/internal/service/project.go:728.42,731.3 1 0
github.com/roboco-io/ghx-cli/internal/service/project.go:734.2,737.38 3 0
github.com/roboco-io/ghx-cli/internal/service/project.go:737.38,738.44 1 0
github.com/roboco-io/ghx-cli/internal/service/project.go:738.44,740.4 1 0
github.com/roboco-io/ghx-cli/internal/service/project.go:744.2,744.19 1 0
github.com/roboco-io/ghx-cli/internal/service/project.go:748.130,751.16 2 0
github.com/roboco-io/ghx-cli/internal/service/project.go:751.16,753.3 1 0
github.com/roboco-io/ghx-cli/internal/service/project.go:756.2,757.19 2 0
github.com/roboco-io/ghx-cli/internal/service/project.go:757.19,759.3 1 0
github.com/roboco-io/ghx-cli/internal/service/project.go:762.2,762.89 1 0
github.com/roboco-io/ghx-cli/internal/service/template.go:17.62,21.2 1 0
github.com/roboco-io/ghx-cli/internal/service/template.go:114.86,212.2 2 0
github.com/roboco-io/ghx-cli/internal/service/template.go:215.113,217.57 1 0
github.com/roboco-io/ghx-cli/internal/service/template.go:217.57,219.3 1 0
github.com/roboco-io/ghx-cli/internal/service/template.go:221.2,221.65 1 0
github.com/roboco-io/ghx-cli/internal/service/template.go:221.65,223.3 1 0
github.com/roboco-io/ghx-cli/internal/service/template.go:226.2,239.22 2 0
github.com/roboco-io/ghx-cli/internal/service/template.go:243.113,245.22 1 0
github.com/roboco-io/ghx-cli/internal/service/template.go:245.22,246.58 1 0
github.com/roboco-io/ghx-cli/internal/service/template.go:246.58,248.4 1 0
github.com/roboco-io/ghx-cli/internal/service/template.go:251.2,251.26 1 0
github.com/roboco-io/ghx-cli/internal/service/template.go:251.26,252.66 1 0
github.com/roboco-io/ghx-cli/internal/service/template.go:252.66,254.4 1 0
github.com/roboco-io/ghx-cli/internal/service/template.go:258.2,267.22 2 0
github.com/roboco-io/ghx-cli/internal/service/template.go:271.88,274.2 1 0
github.com/roboco-io/ghx-cli/internal/service/template.go:277.118,290.2 2 0
github.com/roboco-io/ghx-cli/internal/service/template.go:293.96,300.2 1 0
github.com/roboco-io/ghx-cli/internal/service/template.go:303.113,314.2 2 0
github.com/roboco-io/ghx-cli/internal/service/template.go:317.46,318.35 1 0
github.com/roboco-io/ghx-cli/internal/service/template.go:318.35,320.3 1 0
github.com/roboco-io/ghx-cli/internal/service/template.go:321.2,321.21 1 0
github.com/roboco-io/ghx-cli/internal/service/template.go:321.21,323.3 1 0
github.com/roboco-io/ghx-cli/internal/service/template.go:324.2,324.12 1 0
github.com/roboco-io/ghx-cli/internal/service/template.go:327.54,331.40 3 0
github.com/roboco-io/ghx-cli/internal/service/template.go:331.40,332.24 1 0
github.com/roboco-io/ghx-cli/internal/service/template.go:332.24,334.4 1 0
github.com/roboco-io/ghx-cli/internal/service/template.go:337.2,337.113 1 0
github.com/roboco-io/ghx-cli/internal/service/template.go:341.53,342.35 1 0
github.com/roboco-io/ghx-cli/internal/service/template.go:343.21,344.23 1 0
github.com/roboco-io/ghx-cli/internal/service/template.go:345.19,346.21 1 0
github.com/roboco-io/ghx-cli/internal/service/template.go:347.16,348.18 1 0
github.com/roboco-io/ghx-cli/internal/service/template.go:349.18,350.20 1 0
github.com/roboco-io/ghx-cli/internal/service/template.go:351.17,352.19 1 0
github.com/roboco-io/ghx-cli/internal/service/template.go:353.10,354.50 1 0
github.com/roboco-io/ghx-cli/internal/service/view.go:20.54,24.2 1 9
github.com/roboco-io/ghx-cli/internal/service/view.go:94.110,103.16 4 1
github.com/roboco-io/ghx-cli/internal/service/view.go:103.16,105.3 1 1
github.com/roboco-io/ghx-cli/internal/service/view.go:107.2,107.57 1 0
github.com/roboco-io/ghx-cli/internal/service/view.go:113.110,117.23 2 1
github.com/roboco-io/ghx-cli/internal/service/view.go:117.23,120.3 2 1
github.com/roboco-io/ghx-cli/internal/service/view.go:121.2,121.25 1 1
github.com/roboco-io/ghx-cli/internal/service/view.go:121.25,124.3 2 0
github.com/roboco-io/ghx-cli/internal/service/view.go:126.2,130.16 4 1
github.com/roboco-io/ghx-cli/internal/service/view.go:130.16,132.3 1 1
github.com/roboco-io/ghx-cli/internal/service/view.go:134.2,134.57 1 0
github.com/roboco-io/ghx-cli/internal/service/view.go:138.84,145.16 4 1
github.com/roboco-io/ghx-cli/internal/service/view.go:145.16,147.3 1 1
github.com/roboco-io/ghx-cli/internal/service/view.go:149.2,149.12 1 0
github.com/roboco-io/ghx-cli/internal/service/view.go:153.106,162.16 4 1
github.com/roboco-io/ghx-cli/internal/service/view.go:162.16,164.3 1 1
github.com/roboco-io/ghx-cli/internal/service/view.go:166.2,166.55 1 0
github.com/roboco-io/ghx-cli/internal/service/view.go:172.92,177.27 2 1
github.com/roboco-io/ghx-cli/internal/service/view.go:177.27,180.3 2 1
github.com/roboco-io/ghx-cli/internal/service/view.go:182.2,186.16 4 1
github.com/roboco-io/ghx-cli/internal/service/view.go:186.16,188.3 1 1
github.com/roboco-io/ghx-cli/internal/service/view.go:190.2,190.12 1 0
github.com/roboco-io/ghx-cli/internal/service/view.go:196.94,201.28 2 1
github.com/roboco-io/ghx-cli/internal/service/view.go:201.28,204.3 2 1
github.com/roboco-io/ghx-cli/internal/service/view.go:206.2,210.16 4 1
github.com/roboco-io/ghx-cli/internal/service/view.go:210.16,212.3 1 1
github.com/roboco-io/ghx-cli/internal/service/view.go:214.2,214.12 1 0
github.com/roboco-io/ghx-cli/internal/service/view.go:218.98,223.16 4 1
github.com/roboco-io/ghx-cli/internal/service/view.go:223.16,225.3 1 1
github.com/roboco-io/ghx-cli/internal/service/view.go:227.2,228.50 2 0
github.com/roboco-io/ghx-cli/internal/service/view.go:228.50,231.35 3 0
github.com/roboco-io/ghx-cli/internal/service/view.go:231.35,237.4 1 0
github.com/roboco-io/ghx-cli/internal/service/view.go:239.3,240.34 2 0
github.com/roboco-io/ghx-cli/internal/service/view.go:240.34,246.4 1 0
github.com/roboco-io/ghx-cli/internal/service/view.go:248.3,257.4 1 0
github.com/roboco-io/ghx-cli/internal/service/view.go:260.2,260.19 1 0
github.com/roboco-io/ghx-cli/internal/service/view.go:264.86,269.16 4 1
github.com/roboco-io/ghx-cli/internal/service/view.go:269.16,271.3 1 1
github.com/roboco-io/ghx-cli/internal/service/view.go:273.2,276.34 3 0
github.com/roboco-io/ghx-cli/internal/service/view.go:276.34,282.3 1 0
github.com/roboco-io/ghx-cli/internal/service/view.go:284.2,285.33 2 0
github.com/roboco-io/ghx-cli/internal/service/view.go:285.33,291.3 1 0
github.com/roboco-io/ghx-cli/internal/service/view.go:293.2,303.22 2 0
github.com/roboco-io/ghx-cli/internal/service/view.go:307.42,308.35 1 5
github.com/roboco-io/ghx-cli/internal/service/view.go:308.35,310.3 1 2
github.com/roboco-io/ghx-cli/internal/service/view.go:311.2,311.35 1 3
github.com/roboco-io/ghx-cli/internal/service/view.go:311.35,313.3 1 1
github.com/roboco-io/ghx-cli/internal/service/view.go:314.2,314.12 1 2
github.com/roboco-io/ghx-cli/internal/service/view.go:318.77,319.33 1 5
github.com/roboco-io/ghx-cli/internal/service/view.go:320.29,321.47 1 2
github.com/roboco-io/ghx-cli/internal/service/view.go:322.29,323.47 1 1
github.com/roboco-io/ghx-cli/internal/service/view.go:324.33,325.49 1 1
github.com/roboco-io/ghx-cli/internal/service/view.go:326.10,328.130 2 1
github.com/roboco-io/ghx-cli/internal/service/view.go:333.90,334.36 1 5
github.com/roboco-io/ghx-cli/internal/service/view.go:335.26,336.52 1 2
github.com/roboco-io/ghx-cli/internal/service/view.go:337.28,338.53 1 2
github.com/roboco-io/ghx-cli/internal/service/view.go:339.10,342.98 3 1
github.com/roboco-io/ghx-cli/internal/service/view.go:347.54,348.36 1 4
github.com/roboco-io/ghx-cli/internal/service/view.go:349.26,350.55 1 2
github.com/roboco-io/ghx-cli/internal/service/view.go:351.28,352.56 1 2
github.com/roboco-io/ghx-cli/internal/service/view.go:353.10,354.36 1 0
github.com/roboco-io/ghx-cli/internal/service/view.go:359.66,361.2 1 3
github.com/roboco-io/ghx-cli/internal/service/view.go:364.79,366.2 1 2
github.com/roboco-io/ghx-cli/internal/service/workflow.go:18.62,22.2 1 10
github.com/roboco-io/ghx-cli/internal/service/workflow.go:128.113,142.2 2 1
github.com/roboco-io/ghx-cli/internal/service/workflow.go:145.113,148.20 2 1
github.com/roboco-io/ghx-cli/internal/service/workflow.go:148.20,150.3 1 0
github.com/roboco-io/ghx-cli/internal/service/workflow.go:152.2,158.22 2 1
github.com/roboco-io/ghx-cli/internal/service/workflow.go:162.88,166.2 1 1
github.com/roboco-io/ghx-cli/internal/service/workflow.go:169.118,176.16 4 1
github.com/roboco-io/ghx-cli/internal/service/workflow.go:176.16,178.3 1 1
github.com/roboco-io/ghx-cli/internal/service/workflow.go:180.2,180.65 1 0
github.com/roboco-io/ghx-cli/internal/service/workflow.go:184.119,191.16 4 1
github.com/roboco-io/ghx-cli/internal/service/workflow.go:191.16,193.3 1 1
github.com/roboco-io/ghx-cli/internal/service/workflow.go:195.2,195.66 1 0
github.com/roboco-io/ghx-cli/internal/service/workflow.go:199.92,213.2 3 1
github.com/roboco-io/ghx-cli/internal/service/workflow.go:216.90,232.2 3 1
github.com/roboco-io/ghx-cli/internal/service/workflow.go:235.104,263.2 2 1
github.com/roboco-io/ghx-cli/internal/service/workflow.go:266.109,300.2 2 0
github.com/roboco-io/ghx-cli/internal/service/workflow.go:303.102,310.16 4 1
github.com/roboco-io/ghx-cli/internal/service/workflow.go:310.16,312.3 1 1
github.com/roboco-io/ghx-cli/internal/service/workflow.go:314.2,324.26 3 0
github.com/roboco-io/ghx-cli/internal/service/workflow.go:328.46,329.35 1 5
github.com/roboco-io/ghx-cli/internal/service/workflow.go:329.35,331.3 1 2
github.com/roboco-io/ghx-cli/internal/service/workflow.go:332.2,333.27 2 3
github.com/roboco-io/ghx-cli/internal/service/workflow.go:333.27,335.3 1 1
github.com/roboco-io/ghx-cli/internal/service/workflow.go:336.2,336.12 1 2
github.com/roboco-io/ghx-cli/internal/service/workflow.go:340.92,341.68 1 4
github.com/roboco-io/ghx-cli/internal/service/workflow.go:342.20,343.60 1 1
github.com/roboco-io/ghx-cli/internal/service/workflow.go:344.22,345.62 1 0
github.com/roboco-io/ghx-cli/internal/service/workflow.go:346.23,347.63 1 0
github.com/roboco-io/ghx-cli/internal/service/workflow.go:348.23,349.63 1 1
github.com/roboco-io/ghx-cli/internal/service/workflow.go:350.24,351.64 1 1
github.com/roboco-io/ghx-cli/internal/service/workflow.go:352.26,353.66 1 0
github.com/roboco-io/ghx-cli/internal/service/workflow.go:354.19,355.60 1 0
github.com/roboco-io/ghx-cli/internal/service/workflow.go:356.10,358.132 2 1
github.com/roboco-io/ghx-cli/internal/service/workflow.go:363.89,365.24 2 4
github.com/roboco-io/ghx-cli/internal/service/workflow.go:366.19,367.58 1 1
github.com/roboco-io/ghx-cli/internal/service/workflow.go:368.21,369.60 1 0
github.com/roboco-io/ghx-cli/internal/service/workflow.go:370.24,371.62 1 1
github.com/roboco-io/ghx-cli/internal/service/workflow.go:372.22,373.61 1 1
github.com/roboco-io/ghx-cli/internal/service/workflow.go:374.24,375.62 1 0
github.com/roboco-io/ghx-cli/internal/service/workflow.go:376.16,377.56 1 0
github.com/roboco-io/ghx-cli/internal/service/workflow.go:378.16,379.56 1 0
github.com/roboco-io/ghx-cli/internal/service/workflow.go:380.21,381.60 1 0
github.com/roboco-io/ghx-cli/internal/service/workflow.go:382.10,383.98 1 1
github.com/roboco-io/ghx-cli/internal/service/workflow.go:388.82,390.24 2 4
github.com/roboco-io/ghx-cli/internal/service/workflow.go:391.22,392.56 1 1
github.com/roboco-io/ghx-cli/internal/service/workflow.go:393.22,394.56 1 1
github.com/roboco-io/ghx-cli/internal/service/workflow.go:395.24,396.58 1 0
github.com/roboco-io/ghx-cli/internal/service/workflow.go:397.19,398.53 1 0
github.com/roboco-io/ghx-cli/internal/service/workflow.go:399.19,400.53 1 0
github.com/roboco-io/ghx-cli/internal/service/workflow.go:401.19,402.53 1 1
github.com/roboco-io/ghx-cli/internal/service/workflow.go:403.18,404.52 1 0
github.com/roboco-io/ghx-cli/internal/service/workflow.go:405.18,406.52 1 0
github.com/roboco-io/ghx-cli/internal/service/workflow.go:407.10,408.95 1 1
github.com/roboco-io/ghx-cli/internal/service/workflow.go:413.81,415.2 1 3
github.com/roboco-io/ghx-cli/internal/service/workflow.go:418.78,420.2 1 3
github.com/roboco-io/ghx-cli/internal/service/workflow.go:423.63,425.2 1 3
github.com/roboco-io/ghx-cli/internal/service/workflow.go:430.56,432.2 1 8
github.com/roboco-io/ghx-cli/internal/service/workflow.go:435.95,437.2 1 2
github.com/roboco-io/ghx-cli/internal/service/workflow.go:440.81,442.35 2 0
github.com/roboco-io/ghx-cli/internal/service/workflow.go:442.35,444.27 2 0
github.com/roboco-io/ghx-cli/internal/service/workflow.go:444.27,446.4 1 0
github.com/roboco-io/ghx-cli/internal/service/workflow.go:448.3,455.4 1 0
github.com/roboco-io/ghx-cli/internal/service/workflow.go:457.2,457.15 1 0
github.com/roboco-io/ghx-cli/internal/service/workflow.go:461.77,463.33 2 0
github.com/roboco-io/ghx-cli/internal/service/workflow.go:463.33,465.26 2 0
github.com/roboco-io/ghx-cli/internal/service/workflow.go:465.26,467.4 1 0
github.com/roboco-io/ghx-cli/internal/service/workflow.go:469.3,470.25 2 0
github.com/roboco-io/ghx-cli/internal/service/workflow.go:470.25,472.4 1 0
github.com/roboco-io/ghx-cli/internal/service/workflow.go:474.3,485.4 1 0
github.com/roboco-io/ghx-cli/internal/service/workflow.go:487.2,487.15 1 0
